<?xml version="1.0" encoding="UTF-8"?>
<!-- Generated by org.testng.reporters.JUnitXMLReporter -->
<testsuite hostname="DESKTOP-34AAFOG" ignored="0" name="IE Test" tests="1" failures="1" timestamp="22 May 2021 17:05:10 GMT" time="0.563" errors="0">
  <testcase name="launchBrowser" time="0.478" classname="grid.TestParametersXML">
    <failure type="org.openqa.selenium.WebDriverException" message="Unable to parse remote response: &amp;lt;html&amp;gt;&amp;lt;head&amp;gt;&amp;lt;script src=&amp;apos;/grid/resources/org/openqa/grid/images/jquery-3.1.1.min.js&amp;apos;&amp;gt;&amp;lt;/script&amp;gt;&amp;lt;script src=&amp;apos;/grid/resources/org/openqa/grid/images/consoleservlet.js&amp;apos;&amp;gt;&amp;lt;/script&amp;gt;&amp;lt;link href=&amp;apos;/grid/resources/org/openqa/grid/images/consoleservlet.css&amp;apos; rel=&amp;apos;stylesheet&amp;apos; type=&amp;apos;text/css&amp;apos; /&amp;gt;&amp;lt;link href=&amp;apos;/grid/resources/org/openqa/grid/images/favicon.ico&amp;apos; rel=&amp;apos;icon&amp;apos; type=&amp;apos;image/x-icon&amp;apos; /&amp;gt;&amp;lt;title&amp;gt;Grid Console&amp;lt;/title&amp;gt;&amp;lt;style&amp;gt;.busy { opacity : 0.4;filter: alpha(opacity=40);}&amp;lt;/style&amp;gt;&amp;lt;/head&amp;gt;&amp;lt;body&amp;gt;&amp;lt;div id=&amp;apos;main-content&amp;apos;&amp;gt;&amp;lt;div id=&amp;apos;header&amp;apos;&amp;gt;&amp;lt;h1&amp;gt;&amp;lt;a href=&amp;apos;/grid/console&amp;apos;&amp;gt;Selenium&amp;lt;/a&amp;gt;&amp;lt;/h1&amp;gt;&amp;lt;h2&amp;gt;Grid Console v.3.141.59&amp;lt;/h2&amp;gt;&amp;lt;div&amp;gt;&amp;lt;a id=&amp;apos;helplink&amp;apos; target=&amp;apos;_blank&amp;apos; href=&amp;apos;https://github.com/SeleniumHQ/selenium/wiki/Grid2&amp;apos;&amp;gt;Help&amp;lt;/a&amp;gt;&amp;lt;/div&amp;gt;&amp;lt;/div&amp;gt;&amp;lt;div id=&amp;apos;left-column&amp;apos;&amp;gt;&amp;lt;div class=&amp;apos;proxy&amp;apos;&amp;gt;&amp;lt;p class=&amp;apos;proxyname&amp;apos;&amp;gt;DefaultRemoteProxy (version : 3.141.59)&amp;lt;p class=&amp;apos;proxyid&amp;apos;&amp;gt;id : http://192.168.1.7:5555, OS : mixed OS&amp;lt;/p&amp;gt;&amp;lt;div class=&amp;apos;tabs&amp;apos;&amp;gt;&amp;lt;ul&amp;gt;&amp;lt;li class=&amp;apos;tab&amp;apos; type=&amp;apos;browsers&amp;apos;&amp;gt;&amp;lt;a title=&amp;apos;test slots&amp;apos; href=&amp;apos;#&amp;apos;&amp;gt;Browsers&amp;lt;/a&amp;gt;&amp;lt;/li&amp;gt;&amp;lt;li class=&amp;apos;tab&amp;apos; type=&amp;apos;config&amp;apos;&amp;gt;&amp;lt;a title=&amp;apos;node configuration&amp;apos; href=&amp;apos;#&amp;apos;&amp;gt;Configuration&amp;lt;/a&amp;gt;&amp;lt;/li&amp;gt;&amp;lt;/ul&amp;gt;&amp;lt;/div&amp;gt;&amp;lt;div class=&amp;apos;content&amp;apos;&amp;gt;&amp;lt;div type=&amp;apos;browsers&amp;apos; class=&amp;apos;content_detail&amp;apos;&amp;gt;&amp;lt;p class=&amp;apos;protocol&amp;apos; &amp;gt;WebDriver&amp;lt;/p&amp;gt;&amp;lt;p&amp;gt;v:&amp;lt;img src=&amp;apos;/grid/resources/org/openqa/grid/images/internet_explorer.png&amp;apos; width=&amp;apos;16&amp;apos; height=&amp;apos;16&amp;apos; title=&amp;apos;{server:CONFIG_UUID=c18a604e-60d8-4064-9911-b9796424d776, seleniumProtocol=WebDriver, browserName=internet explorer, maxInstances=1, platformName=WINDOWS, platform=WINDOWS}&amp;apos; /&amp;gt;
&amp;lt;/p&amp;gt;&amp;lt;p&amp;gt;v:&amp;lt;img src=&amp;apos;/grid/resources/org/openqa/grid/images/firefox.png&amp;apos; width=&amp;apos;16&amp;apos; height=&amp;apos;16&amp;apos; title=&amp;apos;{server:CONFIG_UUID=1c5633b4-9883-4284-ae53-b4554eaa2bd1, seleniumProtocol=WebDriver, marionette=true, browserName=firefox, maxInstances=5, platformName=WIN10, platform=WIN10}&amp;apos; /&amp;gt;
&amp;lt;img src=&amp;apos;/grid/resources/org/openqa/grid/images/firefox.png&amp;apos; width=&amp;apos;16&amp;apos; height=&amp;apos;16&amp;apos; title=&amp;apos;{server:CONFIG_UUID=1c5633b4-9883-4284-ae53-b4554eaa2bd1, seleniumProtocol=WebDriver, marionette=true, browserName=firefox, maxInstances=5, platformName=WIN10, platform=WIN10}&amp;apos; /&amp;gt;
&amp;lt;img src=&amp;apos;/grid/resources/org/openqa/grid/images/firefox.png&amp;apos; width=&amp;apos;16&amp;apos; height=&amp;apos;16&amp;apos; title=&amp;apos;{server:CONFIG_UUID=1c5633b4-9883-4284-ae53-b4554eaa2bd1, seleniumProtocol=WebDriver, marionette=true, browserName=firefox, maxInstances=5, platformName=WIN10, platform=WIN10}&amp;apos; /&amp;gt;
&amp;lt;img src=&amp;apos;/grid/resources/org/openqa/grid/images/firefox.png&amp;apos; width=&amp;apos;16&amp;apos; height=&amp;apos;16&amp;apos; title=&amp;apos;{server:CONFIG_UUID=1c5633b4-9883-4284-ae53-b4554eaa2bd1, seleniumProtocol=WebDriver, marionette=true, browserName=firefox, maxInstances=5, platformName=WIN10, platform=WIN10}&amp;apos; /&amp;gt;
&amp;lt;img src=&amp;apos;/grid/resources/org/openqa/grid/images/firefox.png&amp;apos; width=&amp;apos;16&amp;apos; height=&amp;apos;16&amp;apos; title=&amp;apos;{server:CONFIG_UUID=1c5633b4-9883-4284-ae53-b4554eaa2bd1, seleniumProtocol=WebDriver, marionette=true, browserName=firefox, maxInstances=5, platformName=WIN10, platform=WIN10}&amp;apos; /&amp;gt;
&amp;lt;/p&amp;gt;&amp;lt;p&amp;gt;v:&amp;lt;img src=&amp;apos;/grid/resources/org/openqa/grid/images/chrome.png&amp;apos; width=&amp;apos;16&amp;apos; height=&amp;apos;16&amp;apos; title=&amp;apos;{server:CONFIG_UUID=159417d8-3bd0-4038-90a5-4e9096b54010, seleniumProtocol=WebDriver, browserName=chrome, maxInstances=5, platformName=WIN10, platform=WIN10}&amp;apos; /&amp;gt;
&amp;lt;img src=&amp;apos;/grid/resources/org/openqa/grid/images/chrome.png&amp;apos; width=&amp;apos;16&amp;apos; height=&amp;apos;16&amp;apos; title=&amp;apos;{server:CONFIG_UUID=159417d8-3bd0-4038-90a5-4e9096b54010, seleniumProtocol=WebDriver, browserName=chrome, maxInstances=5, platformName=WIN10, platform=WIN10}&amp;apos; /&amp;gt;
&amp;lt;img src=&amp;apos;/grid/resources/org/openqa/grid/images/chrome.png&amp;apos; width=&amp;apos;16&amp;apos; height=&amp;apos;16&amp;apos; title=&amp;apos;{server:CONFIG_UUID=159417d8-3bd0-4038-90a5-4e9096b54010, seleniumProtocol=WebDriver, browserName=chrome, maxInstances=5, platformName=WIN10, platform=WIN10}&amp;apos; /&amp;gt;
&amp;lt;img src=&amp;apos;/grid/resources/org/openqa/grid/images/chrome.png&amp;apos; width=&amp;apos;16&amp;apos; height=&amp;apos;16&amp;apos; title=&amp;apos;{server:CONFIG_UUID=159417d8-3bd0-4038-90a5-4e9096b54010, seleniumProtocol=WebDriver, browserName=chrome, maxInstances=5, platformName=WIN10, platform=WIN10}&amp;apos; /&amp;gt;
&amp;lt;img src=&amp;apos;/grid/resources/org/openqa/grid/images/chrome.png&amp;apos; width=&amp;apos;16&amp;apos; height=&amp;apos;16&amp;apos; title=&amp;apos;{server:CONFIG_UUID=159417d8-3bd0-4038-90a5-4e9096b54010, seleniumProtocol=WebDriver, browserName=chrome, maxInstances=5, platformName=WIN10, platform=WIN10}&amp;apos; /&amp;gt;
&amp;lt;/p&amp;gt;&amp;lt;/div&amp;gt;&amp;lt;div type=&amp;apos;config&amp;apos; class=&amp;apos;content_detail&amp;apos;&amp;gt;&amp;lt;p&amp;gt;browserTimeout: 0&amp;lt;/p&amp;gt;&amp;lt;p&amp;gt;debug: false&amp;lt;/p&amp;gt;&amp;lt;p&amp;gt;host: 192.168.1.7&amp;lt;/p&amp;gt;&amp;lt;p&amp;gt;port: 5555&amp;lt;/p&amp;gt;&amp;lt;p&amp;gt;role: node&amp;lt;/p&amp;gt;&amp;lt;p&amp;gt;timeout: 1800&amp;lt;/p&amp;gt;&amp;lt;p&amp;gt;cleanUpCycle: 5000&amp;lt;/p&amp;gt;&amp;lt;p&amp;gt;maxSession: 5&amp;lt;/p&amp;gt;&amp;lt;p&amp;gt;capabilities: Capabilities {browserName: firefox, marionette: true, maxInstances: 5, platform: WIN10, platformName: WIN10, seleniumProtocol: WebDriver, server:CONFIG_UUID: 1c5633b4-9883-4284-ae53-b45...}&amp;lt;/p&amp;gt;&amp;lt;p&amp;gt;capabilities: Capabilities {browserName: chrome, maxInstances: 5, platform: WIN10, platformName: WIN10, seleniumProtocol: WebDriver, server:CONFIG_UUID: 159417d8-3bd0-4038-90a5-4e9...}&amp;lt;/p&amp;gt;&amp;lt;p&amp;gt;capabilities: Capabilities {browserName: internet explorer, maxInstances: 1, platform: WINDOWS, platformName: WINDOWS, seleniumProtocol: WebDriver, server:CONFIG_UUID: c18a604e-60d8-4064-9911-b97...}&amp;lt;/p&amp;gt;&amp;lt;p&amp;gt;downPollingLimit: 2&amp;lt;/p&amp;gt;&amp;lt;p&amp;gt;hub: http://localhost:4444/grid/register&amp;lt;/p&amp;gt;&amp;lt;p&amp;gt;id: http://192.168.1.7:5555&amp;lt;/p&amp;gt;&amp;lt;p&amp;gt;nodePolling: 5000&amp;lt;/p&amp;gt;&amp;lt;p&amp;gt;nodeStatusCheckTimeout: 5000&amp;lt;/p&amp;gt;&amp;lt;p&amp;gt;proxy: org.openqa.grid.selenium.proxy.DefaultRemoteProxy&amp;lt;/p&amp;gt;&amp;lt;p&amp;gt;register: true&amp;lt;/p&amp;gt;&amp;lt;p&amp;gt;registerCycle: 5000&amp;lt;/p&amp;gt;&amp;lt;p&amp;gt;remoteHost: http://192.168.1.7:5555&amp;lt;/p&amp;gt;&amp;lt;p&amp;gt;unregisterIfStillDownAfter: 60000&amp;lt;/p&amp;gt;&amp;lt;/div&amp;gt;&amp;lt;/div&amp;gt;&amp;lt;/div&amp;gt;&amp;lt;/div&amp;gt;&amp;lt;div id=&amp;apos;right-column&amp;apos;&amp;gt;&amp;lt;div class=&amp;apos;proxy&amp;apos;&amp;gt;&amp;lt;p class=&amp;apos;proxyname&amp;apos;&amp;gt;DefaultRemoteProxy (version : 3.141.59)&amp;lt;p class=&amp;apos;proxyid&amp;apos;&amp;gt;id : http://192.168.1.7:5557, OS : WIN10&amp;lt;/p&amp;gt;&amp;lt;div class=&amp;apos;tabs&amp;apos;&amp;gt;&amp;lt;ul&amp;gt;&amp;lt;li class=&amp;apos;tab&amp;apos; type=&amp;apos;browsers&amp;apos;&amp;gt;&amp;lt;a title=&amp;apos;test slots&amp;apos; href=&amp;apos;#&amp;apos;&amp;gt;Browsers&amp;lt;/a&amp;gt;&amp;lt;/li&amp;gt;&amp;lt;li class=&amp;apos;tab&amp;apos; type=&amp;apos;config&amp;apos;&amp;gt;&amp;lt;a title=&amp;apos;node configuration&amp;apos; href=&amp;apos;#&amp;apos;&amp;gt;Configuration&amp;lt;/a&amp;gt;&amp;lt;/li&amp;gt;&amp;lt;/ul&amp;gt;&amp;lt;/div&amp;gt;&amp;lt;div class=&amp;apos;content&amp;apos;&amp;gt;&amp;lt;div type=&amp;apos;browsers&amp;apos; class=&amp;apos;content_detail&amp;apos;&amp;gt;&amp;lt;p class=&amp;apos;protocol&amp;apos; &amp;gt;WebDriver&amp;lt;/p&amp;gt;&amp;lt;p&amp;gt;v:&amp;lt;img src=&amp;apos;/grid/resources/org/openqa/grid/images/chrome.png&amp;apos; width=&amp;apos;16&amp;apos; height=&amp;apos;16&amp;apos; title=&amp;apos;{server:CONFIG_UUID=c22ae129-011d-4aaf-b75f-c67b2639e85e, seleniumProtocol=WebDriver, browserName=chrome, maxInstances=25, platformName=WIN10, platform=WIN10}&amp;apos; /&amp;gt;
&amp;lt;img src=&amp;apos;/grid/resources/org/openqa/grid/images/chrome.png&amp;apos; width=&amp;apos;16&amp;apos; height=&amp;apos;16&amp;apos; title=&amp;apos;{server:CONFIG_UUID=c22ae129-011d-4aaf-b75f-c67b2639e85e, seleniumProtocol=WebDriver, browserName=chrome, maxInstances=25, platformName=WIN10, platform=WIN10}&amp;apos; /&amp;gt;
&amp;lt;img src=&amp;apos;/grid/resources/org/openqa/grid/images/chrome.png&amp;apos; width=&amp;apos;16&amp;apos; height=&amp;apos;16&amp;apos; title=&amp;apos;{server:CONFIG_UUID=c22ae129-011d-4aaf-b75f-c67b2639e85e, seleniumProtocol=WebDriver, browserName=chrome, maxInstances=25, platformName=WIN10, platform=WIN10}&amp;apos; /&amp;gt;
&amp;lt;img src=&amp;apos;/grid/resources/org/openqa/grid/images/chrome.png&amp;apos; width=&amp;apos;16&amp;apos; height=&amp;apos;16&amp;apos; title=&amp;apos;{server:CONFIG_UUID=c22ae129-011d-4aaf-b75f-c67b2639e85e, seleniumProtocol=WebDriver, browserName=chrome, maxInstances=25, platformName=WIN10, platform=WIN10}&amp;apos; /&amp;gt;
&amp;lt;img src=&amp;apos;/grid/resources/org/openqa/grid/images/chrome.png&amp;apos; width=&amp;apos;16&amp;apos; height=&amp;apos;16&amp;apos; title=&amp;apos;{server:CONFIG_UUID=c22ae129-011d-4aaf-b75f-c67b2639e85e, seleniumProtocol=WebDriver, browserName=chrome, maxInstances=25, platformName=WIN10, platform=WIN10}&amp;apos; /&amp;gt;
&amp;lt;img src=&amp;apos;/grid/resources/org/openqa/grid/images/chrome.png&amp;apos; width=&amp;apos;16&amp;apos; height=&amp;apos;16&amp;apos; title=&amp;apos;{server:CONFIG_UUID=c22ae129-011d-4aaf-b75f-c67b2639e85e, seleniumProtocol=WebDriver, browserName=chrome, maxInstances=25, platformName=WIN10, platform=WIN10}&amp;apos; /&amp;gt;
&amp;lt;img src=&amp;apos;/grid/resources/org/openqa/grid/images/chrome.png&amp;apos; width=&amp;apos;16&amp;apos; height=&amp;apos;16&amp;apos; title=&amp;apos;{server:CONFIG_UUID=c22ae129-011d-4aaf-b75f-c67b2639e85e, seleniumProtocol=WebDriver, browserName=chrome, maxInstances=25, platformName=WIN10, platform=WIN10}&amp;apos; /&amp;gt;
&amp;lt;img src=&amp;apos;/grid/resources/org/openqa/grid/images/chrome.png&amp;apos; width=&amp;apos;16&amp;apos; height=&amp;apos;16&amp;apos; title=&amp;apos;{server:CONFIG_UUID=c22ae129-011d-4aaf-b75f-c67b2639e85e, seleniumProtocol=WebDriver, browserName=chrome, maxInstances=25, platformName=WIN10, platform=WIN10}&amp;apos; /&amp;gt;
&amp;lt;img src=&amp;apos;/grid/resources/org/openqa/grid/images/chrome.png&amp;apos; width=&amp;apos;16&amp;apos; height=&amp;apos;16&amp;apos; title=&amp;apos;{server:CONFIG_UUID=c22ae129-011d-4aaf-b75f-c67b2639e85e, seleniumProtocol=WebDriver, browserName=chrome, maxInstances=25, platformName=WIN10, platform=WIN10}&amp;apos; /&amp;gt;
&amp;lt;img src=&amp;apos;/grid/resources/org/openqa/grid/images/chrome.png&amp;apos; width=&amp;apos;16&amp;apos; height=&amp;apos;16&amp;apos; title=&amp;apos;{server:CONFIG_UUID=c22ae129-011d-4aaf-b75f-c67b2639e85e, seleniumProtocol=WebDriver, browserName=chrome, maxInstances=25, platformName=WIN10, platform=WIN10}&amp;apos; /&amp;gt;
&amp;lt;img src=&amp;apos;/grid/resources/org/openqa/grid/images/chrome.png&amp;apos; width=&amp;apos;16&amp;apos; height=&amp;apos;16&amp;apos; title=&amp;apos;{server:CONFIG_UUID=c22ae129-011d-4aaf-b75f-c67b2639e85e, seleniumProtocol=WebDriver, browserName=chrome, maxInstances=25, platformName=WIN10, platform=WIN10}&amp;apos; /&amp;gt;
&amp;lt;img src=&amp;apos;/grid/resources/org/openqa/grid/images/chrome.png&amp;apos; width=&amp;apos;16&amp;apos; height=&amp;apos;16&amp;apos; title=&amp;apos;{server:CONFIG_UUID=c22ae129-011d-4aaf-b75f-c67b2639e85e, seleniumProtocol=WebDriver, browserName=chrome, maxInstances=25, platformName=WIN10, platform=WIN10}&amp;apos; /&amp;gt;
&amp;lt;img src=&amp;apos;/grid/resources/org/openqa/grid/images/chrome.png&amp;apos; width=&amp;apos;16&amp;apos; height=&amp;apos;16&amp;apos; title=&amp;apos;{server:CONFIG_UUID=c22ae129-011d-4aaf-b75f-c67b2639e85e, seleniumProtocol=WebDriver, browserName=chrome, maxInstances=25, platformName=WIN10, platform=WIN10}&amp;apos; /&amp;gt;
&amp;lt;img src=&amp;apos;/grid/resources/org/openqa/grid/images/chrome.png&amp;apos; width=&amp;apos;16&amp;apos; height=&amp;apos;16&amp;apos; title=&amp;apos;{server:CONFIG_UUID=c22ae129-011d-4aaf-b75f-c67b2639e85e, seleniumProtocol=WebDriver, browserName=chrome, maxInstances=25, platformName=WIN10, platform=WIN10}&amp;apos; /&amp;gt;
&amp;lt;img src=&amp;apos;/grid/resources/org/openqa/grid/images/chrome.png&amp;apos; width=&amp;apos;16&amp;apos; height=&amp;apos;16&amp;apos; title=&amp;apos;{server:CONFIG_UUID=c22ae129-011d-4aaf-b75f-c67b2639e85e, seleniumProtocol=WebDriver, browserName=chrome, maxInstances=25, platformName=WIN10, platform=WIN10}&amp;apos; /&amp;gt;
&amp;lt;img src=&amp;apos;/grid/resources/org/openqa/grid/images/chrome.png&amp;apos; width=&amp;apos;16&amp;apos; height=&amp;apos;16&amp;apos; title=&amp;apos;{server:CONFIG_UUID=c22ae129-011d-4aaf-b75f-c67b2639e85e, seleniumProtocol=WebDriver, browserName=chrome, maxInstances=25, platformName=WIN10, platform=WIN10}&amp;apos; /&amp;gt;
&amp;lt;img src=&amp;apos;/grid/resources/org/openqa/grid/images/chrome.png&amp;apos; width=&amp;apos;16&amp;apos; height=&amp;apos;16&amp;apos; title=&amp;apos;{server:CONFIG_UUID=c22ae129-011d-4aaf-b75f-c67b2639e85e, seleniumProtocol=WebDriver, browserName=chrome, maxInstances=25, platformName=WIN10, platform=WIN10}&amp;apos; /&amp;gt;
&amp;lt;img src=&amp;apos;/grid/resources/org/openqa/grid/images/chrome.png&amp;apos; width=&amp;apos;16&amp;apos; height=&amp;apos;16&amp;apos; title=&amp;apos;{server:CONFIG_UUID=c22ae129-011d-4aaf-b75f-c67b2639e85e, seleniumProtocol=WebDriver, browserName=chrome, maxInstances=25, platformName=WIN10, platform=WIN10}&amp;apos; /&amp;gt;
&amp;lt;img src=&amp;apos;/grid/resources/org/openqa/grid/images/chrome.png&amp;apos; width=&amp;apos;16&amp;apos; height=&amp;apos;16&amp;apos; title=&amp;apos;{server:CONFIG_UUID=c22ae129-011d-4aaf-b75f-c67b2639e85e, seleniumProtocol=WebDriver, browserName=chrome, maxInstances=25, platformName=WIN10, platform=WIN10}&amp;apos; /&amp;gt;
&amp;lt;img src=&amp;apos;/grid/resources/org/openqa/grid/images/chrome.png&amp;apos; width=&amp;apos;16&amp;apos; height=&amp;apos;16&amp;apos; title=&amp;apos;{server:CONFIG_UUID=c22ae129-011d-4aaf-b75f-c67b2639e85e, seleniumProtocol=WebDriver, browserName=chrome, maxInstances=25, platformName=WIN10, platform=WIN10}&amp;apos; /&amp;gt;
&amp;lt;img src=&amp;apos;/grid/resources/org/openqa/grid/images/chrome.png&amp;apos; width=&amp;apos;16&amp;apos; height=&amp;apos;16&amp;apos; title=&amp;apos;{server:CONFIG_UUID=c22ae129-011d-4aaf-b75f-c67b2639e85e, seleniumProtocol=WebDriver, browserName=chrome, maxInstances=25, platformName=WIN10, platform=WIN10}&amp;apos; /&amp;gt;
&amp;lt;img src=&amp;apos;/grid/resources/org/openqa/grid/images/chrome.png&amp;apos; width=&amp;apos;16&amp;apos; height=&amp;apos;16&amp;apos; title=&amp;apos;{server:CONFIG_UUID=c22ae129-011d-4aaf-b75f-c67b2639e85e, seleniumProtocol=WebDriver, browserName=chrome, maxInstances=25, platformName=WIN10, platform=WIN10}&amp;apos; /&amp;gt;
&amp;lt;img src=&amp;apos;/grid/resources/org/openqa/grid/images/chrome.png&amp;apos; width=&amp;apos;16&amp;apos; height=&amp;apos;16&amp;apos; title=&amp;apos;{server:CONFIG_UUID=c22ae129-011d-4aaf-b75f-c67b2639e85e, seleniumProtocol=WebDriver, browserName=chrome, maxInstances=25, platformName=WIN10, platform=WIN10}&amp;apos; /&amp;gt;
&amp;lt;img src=&amp;apos;/grid/resources/org/openqa/grid/images/chrome.png&amp;apos; width=&amp;apos;16&amp;apos; height=&amp;apos;16&amp;apos; title=&amp;apos;{server:CONFIG_UUID=c22ae129-011d-4aaf-b75f-c67b2639e85e, seleniumProtocol=WebDriver, browserName=chrome, maxInstances=25, platformName=WIN10, platform=WIN10}&amp;apos; /&amp;gt;
&amp;lt;img src=&amp;apos;/grid/resources/org/openqa/grid/images/chrome.png&amp;apos; width=&amp;apos;16&amp;apos; height=&amp;apos;16&amp;apos; title=&amp;apos;{server:CONFIG_UUID=c22ae129-011d-4aaf-b75f-c67b2639e85e, seleniumProtocol=WebDriver, browserName=chrome, maxInstances=25, platformName=WIN10, platform=WIN10}&amp;apos; /&amp;gt;
&amp;lt;/p&amp;gt;&amp;lt;/div&amp;gt;&amp;lt;div type=&amp;apos;config&amp;apos; class=&amp;apos;content_detail&amp;apos;&amp;gt;&amp;lt;p&amp;gt;browserTimeout: 0&amp;lt;/p&amp;gt;&amp;lt;p&amp;gt;debug: false&amp;lt;/p&amp;gt;&amp;lt;p&amp;gt;host: 192.168.1.7&amp;lt;/p&amp;gt;&amp;lt;p&amp;gt;port: 5557&amp;lt;/p&amp;gt;&amp;lt;p&amp;gt;role: node&amp;lt;/p&amp;gt;&amp;lt;p&amp;gt;timeout: 1800&amp;lt;/p&amp;gt;&amp;lt;p&amp;gt;cleanUpCycle: 5000&amp;lt;/p&amp;gt;&amp;lt;p&amp;gt;maxSession: 4&amp;lt;/p&amp;gt;&amp;lt;p&amp;gt;capabilities: Capabilities {browserName: chrome, maxInstances: 25, platform: WIN10, platformName: WIN10, seleniumProtocol: WebDriver, server:CONFIG_UUID: c22ae129-011d-4aaf-b75f-c67...}&amp;lt;/p&amp;gt;&amp;lt;p&amp;gt;downPollingLimit: 2&amp;lt;/p&amp;gt;&amp;lt;p&amp;gt;hub: http://localhost:4444/grid/register&amp;lt;/p&amp;gt;&amp;lt;p&amp;gt;id: http://192.168.1.7:5557&amp;lt;/p&amp;gt;&amp;lt;p&amp;gt;nodePolling: 5000&amp;lt;/p&amp;gt;&amp;lt;p&amp;gt;nodeStatusCheckTimeout: 5000&amp;lt;/p&amp;gt;&amp;lt;p&amp;gt;proxy: org.openqa.grid.selenium.proxy.DefaultRemoteProxy&amp;lt;/p&amp;gt;&amp;lt;p&amp;gt;register: true&amp;lt;/p&amp;gt;&amp;lt;p&amp;gt;registerCycle: 5000&amp;lt;/p&amp;gt;&amp;lt;p&amp;gt;remoteHost: http://192.168.1.7:5557&amp;lt;/p&amp;gt;&amp;lt;p&amp;gt;unregisterIfStillDownAfter: 60000&amp;lt;/p&amp;gt;&amp;lt;/div&amp;gt;&amp;lt;/div&amp;gt;&amp;lt;/div&amp;gt;&amp;lt;/div&amp;gt;&amp;lt;div class=&amp;apos;clearfix&amp;apos;&amp;gt;&amp;lt;/div&amp;gt;&amp;lt;div&amp;gt;&amp;lt;ul&amp;gt;&amp;lt;/ul&amp;gt;&amp;lt;/div&amp;gt;&amp;lt;div id=&amp;apos;hub-config-container&amp;apos;&amp;gt;&amp;lt;div id=&amp;apos;hub-config-content&amp;apos;&amp;gt;&amp;lt;b&amp;gt;Config for the hub :&amp;lt;/b&amp;gt;&amp;lt;br/&amp;gt;&amp;lt;abbr title=&amp;apos;browserTimeout&amp;apos;&amp;gt;browserTimeout : &amp;lt;/abbr&amp;gt;0&amp;lt;/br&amp;gt;&amp;lt;abbr title=&amp;apos;debug&amp;apos;&amp;gt;debug : &amp;lt;/abbr&amp;gt;false&amp;lt;/br&amp;gt;&amp;lt;abbr title=&amp;apos;host&amp;apos;&amp;gt;host : &amp;lt;/abbr&amp;gt;192.168.1.7&amp;lt;/br&amp;gt;&amp;lt;abbr title=&amp;apos;port&amp;apos;&amp;gt;port : &amp;lt;/abbr&amp;gt;4444&amp;lt;/br&amp;gt;&amp;lt;abbr title=&amp;apos;role&amp;apos;&amp;gt;role : &amp;lt;/abbr&amp;gt;hub&amp;lt;/br&amp;gt;&amp;lt;abbr title=&amp;apos;timeout&amp;apos;&amp;gt;timeout : &amp;lt;/abbr&amp;gt;1800&amp;lt;/br&amp;gt;&amp;lt;abbr title=&amp;apos;cleanUpCycle&amp;apos;&amp;gt;cleanUpCycle : &amp;lt;/abbr&amp;gt;5000&amp;lt;/br&amp;gt;&amp;lt;abbr title=&amp;apos;capabilityMatcher&amp;apos;&amp;gt;capabilityMatcher : &amp;lt;/abbr&amp;gt;org.openqa.grid.internal.utils.DefaultCapabilityMatcher&amp;lt;/br&amp;gt;&amp;lt;abbr title=&amp;apos;newSessionWaitTimeout&amp;apos;&amp;gt;newSessionWaitTimeout : &amp;lt;/abbr&amp;gt;-1&amp;lt;/br&amp;gt;&amp;lt;abbr title=&amp;apos;throwOnCapabilityNotPresent&amp;apos;&amp;gt;throwOnCapabilityNotPresent : &amp;lt;/abbr&amp;gt;true&amp;lt;/br&amp;gt;&amp;lt;abbr title=&amp;apos;registry&amp;apos;&amp;gt;registry : &amp;lt;/abbr&amp;gt;org.openqa.grid.internal.DefaultGridRegistry&amp;lt;/br&amp;gt;&amp;lt;div id=&amp;apos;verbose-config-container&amp;apos;&amp;gt;&amp;lt;a id=&amp;apos;verbose-config-view-toggle&amp;apos; href=&amp;apos;#&amp;apos;&amp;gt;View Verbose&amp;lt;/a&amp;gt;&amp;lt;div id=&amp;apos;verbose-config-content&amp;apos;&amp;gt;&amp;lt;br/&amp;gt;&amp;lt;b&amp;gt;The final configuration comes from:&amp;lt;/b&amp;gt;&amp;lt;br/&amp;gt;&amp;lt;b&amp;gt;the default :&amp;lt;/b&amp;gt;&amp;lt;br/&amp;gt;&amp;lt;abbr title=&amp;apos;browserTimeout&amp;apos;&amp;gt;browserTimeout : &amp;lt;/abbr&amp;gt;0&amp;lt;/br&amp;gt;&amp;lt;abbr title=&amp;apos;debug&amp;apos;&amp;gt;debug : &amp;lt;/abbr&amp;gt;false&amp;lt;/br&amp;gt;&amp;lt;abbr title=&amp;apos;host&amp;apos;&amp;gt;host : &amp;lt;/abbr&amp;gt;0.0.0.0&amp;lt;/br&amp;gt;&amp;lt;abbr title=&amp;apos;port&amp;apos;&amp;gt;port : &amp;lt;/abbr&amp;gt;4444&amp;lt;/br&amp;gt;&amp;lt;abbr title=&amp;apos;role&amp;apos;&amp;gt;role : &amp;lt;/abbr&amp;gt;hub&amp;lt;/br&amp;gt;&amp;lt;abbr title=&amp;apos;timeout&amp;apos;&amp;gt;timeout : &amp;lt;/abbr&amp;gt;1800&amp;lt;/br&amp;gt;&amp;lt;abbr title=&amp;apos;cleanUpCycle&amp;apos;&amp;gt;cleanUpCycle : &amp;lt;/abbr&amp;gt;5000&amp;lt;/br&amp;gt;&amp;lt;abbr title=&amp;apos;capabilityMatcher&amp;apos;&amp;gt;capabilityMatcher : &amp;lt;/abbr&amp;gt;org.openqa.grid.internal.utils.DefaultCapabilityMatcher&amp;lt;/br&amp;gt;&amp;lt;abbr title=&amp;apos;newSessionWaitTimeout&amp;apos;&amp;gt;newSessionWaitTimeout : &amp;lt;/abbr&amp;gt;-1&amp;lt;/br&amp;gt;&amp;lt;abbr title=&amp;apos;throwOnCapabilityNotPresent&amp;apos;&amp;gt;throwOnCapabilityNotPresent : &amp;lt;/abbr&amp;gt;true&amp;lt;/br&amp;gt;&amp;lt;abbr title=&amp;apos;registry&amp;apos;&amp;gt;registry : &amp;lt;/abbr&amp;gt;org.openqa.grid.internal.DefaultGridRegistry&amp;lt;/br&amp;gt;&amp;lt;b&amp;gt;updated with command line options:&amp;lt;/b&amp;gt;&amp;lt;br/&amp;gt;-port 4444 -role hub&amp;lt;/div&amp;gt;&amp;lt;/div&amp;gt;&amp;lt;/div&amp;gt;&amp;lt;a id=&amp;apos;config-view-toggle&amp;apos; href=&amp;apos;#&amp;apos;&amp;gt;View Config&amp;lt;/a&amp;gt;&amp;lt;/div&amp;gt;&amp;lt;/div&amp;gt;&amp;lt;/body&amp;gt;&amp;lt;/html&amp;gt;">
      <![CDATA[org.openqa.selenium.WebDriverException: Unable to parse remote response: <html><head><script src='/grid/resources/org/openqa/grid/images/jquery-3.1.1.min.js'></script><script src='/grid/resources/org/openqa/grid/images/consoleservlet.js'></script><link href='/grid/resources/org/openqa/grid/images/consoleservlet.css' rel='stylesheet' type='text/css' /><link href='/grid/resources/org/openqa/grid/images/favicon.ico' rel='icon' type='image/x-icon' /><title>Grid Console</title><style>.busy { opacity : 0.4;filter: alpha(opacity=40);}</style></head><body><div id='main-content'><div id='header'><h1><a href='/grid/console'>Selenium</a></h1><h2>Grid Console v.3.141.59</h2><div><a id='helplink' target='_blank' href='https://github.com/SeleniumHQ/selenium/wiki/Grid2'>Help</a></div></div><div id='left-column'><div class='proxy'><p class='proxyname'>DefaultRemoteProxy (version : 3.141.59)<p class='proxyid'>id : http://192.168.1.7:5555, OS : mixed OS</p><div class='tabs'><ul><li class='tab' type='browsers'><a title='test slots' href='#'>Browsers</a></li><li class='tab' type='config'><a title='node configuration' href='#'>Configuration</a></li></ul></div><div class='content'><div type='browsers' class='content_detail'><p class='protocol' >WebDriver</p><p>v:<img src='/grid/resources/org/openqa/grid/images/internet_explorer.png' width='16' height='16' title='{server:CONFIG_UUID=c18a604e-60d8-4064-9911-b9796424d776, seleniumProtocol=WebDriver, browserName=internet explorer, maxInstances=1, platformName=WINDOWS, platform=WINDOWS}' />
</p><p>v:<img src='/grid/resources/org/openqa/grid/images/firefox.png' width='16' height='16' title='{server:CONFIG_UUID=1c5633b4-9883-4284-ae53-b4554eaa2bd1, seleniumProtocol=WebDriver, marionette=true, browserName=firefox, maxInstances=5, platformName=WIN10, platform=WIN10}' />
<img src='/grid/resources/org/openqa/grid/images/firefox.png' width='16' height='16' title='{server:CONFIG_UUID=1c5633b4-9883-4284-ae53-b4554eaa2bd1, seleniumProtocol=WebDriver, marionette=true, browserName=firefox, maxInstances=5, platformName=WIN10, platform=WIN10}' />
<img src='/grid/resources/org/openqa/grid/images/firefox.png' width='16' height='16' title='{server:CONFIG_UUID=1c5633b4-9883-4284-ae53-b4554eaa2bd1, seleniumProtocol=WebDriver, marionette=true, browserName=firefox, maxInstances=5, platformName=WIN10, platform=WIN10}' />
<img src='/grid/resources/org/openqa/grid/images/firefox.png' width='16' height='16' title='{server:CONFIG_UUID=1c5633b4-9883-4284-ae53-b4554eaa2bd1, seleniumProtocol=WebDriver, marionette=true, browserName=firefox, maxInstances=5, platformName=WIN10, platform=WIN10}' />
<img src='/grid/resources/org/openqa/grid/images/firefox.png' width='16' height='16' title='{server:CONFIG_UUID=1c5633b4-9883-4284-ae53-b4554eaa2bd1, seleniumProtocol=WebDriver, marionette=true, browserName=firefox, maxInstances=5, platformName=WIN10, platform=WIN10}' />
</p><p>v:<img src='/grid/resources/org/openqa/grid/images/chrome.png' width='16' height='16' title='{server:CONFIG_UUID=159417d8-3bd0-4038-90a5-4e9096b54010, seleniumProtocol=WebDriver, browserName=chrome, maxInstances=5, platformName=WIN10, platform=WIN10}' />
<img src='/grid/resources/org/openqa/grid/images/chrome.png' width='16' height='16' title='{server:CONFIG_UUID=159417d8-3bd0-4038-90a5-4e9096b54010, seleniumProtocol=WebDriver, browserName=chrome, maxInstances=5, platformName=WIN10, platform=WIN10}' />
<img src='/grid/resources/org/openqa/grid/images/chrome.png' width='16' height='16' title='{server:CONFIG_UUID=159417d8-3bd0-4038-90a5-4e9096b54010, seleniumProtocol=WebDriver, browserName=chrome, maxInstances=5, platformName=WIN10, platform=WIN10}' />
<img src='/grid/resources/org/openqa/grid/images/chrome.png' width='16' height='16' title='{server:CONFIG_UUID=159417d8-3bd0-4038-90a5-4e9096b54010, seleniumProtocol=WebDriver, browserName=chrome, maxInstances=5, platformName=WIN10, platform=WIN10}' />
<img src='/grid/resources/org/openqa/grid/images/chrome.png' width='16' height='16' title='{server:CONFIG_UUID=159417d8-3bd0-4038-90a5-4e9096b54010, seleniumProtocol=WebDriver, browserName=chrome, maxInstances=5, platformName=WIN10, platform=WIN10}' />
</p></div><div type='config' class='content_detail'><p>browserTimeout: 0</p><p>debug: false</p><p>host: 192.168.1.7</p><p>port: 5555</p><p>role: node</p><p>timeout: 1800</p><p>cleanUpCycle: 5000</p><p>maxSession: 5</p><p>capabilities: Capabilities {browserName: firefox, marionette: true, maxInstances: 5, platform: WIN10, platformName: WIN10, seleniumProtocol: WebDriver, server:CONFIG_UUID: 1c5633b4-9883-4284-ae53-b45...}</p><p>capabilities: Capabilities {browserName: chrome, maxInstances: 5, platform: WIN10, platformName: WIN10, seleniumProtocol: WebDriver, server:CONFIG_UUID: 159417d8-3bd0-4038-90a5-4e9...}</p><p>capabilities: Capabilities {browserName: internet explorer, maxInstances: 1, platform: WINDOWS, platformName: WINDOWS, seleniumProtocol: WebDriver, server:CONFIG_UUID: c18a604e-60d8-4064-9911-b97...}</p><p>downPollingLimit: 2</p><p>hub: http://localhost:4444/grid/register</p><p>id: http://192.168.1.7:5555</p><p>nodePolling: 5000</p><p>nodeStatusCheckTimeout: 5000</p><p>proxy: org.openqa.grid.selenium.proxy.DefaultRemoteProxy</p><p>register: true</p><p>registerCycle: 5000</p><p>remoteHost: http://192.168.1.7:5555</p><p>unregisterIfStillDownAfter: 60000</p></div></div></div></div><div id='right-column'><div class='proxy'><p class='proxyname'>DefaultRemoteProxy (version : 3.141.59)<p class='proxyid'>id : http://192.168.1.7:5557, OS : WIN10</p><div class='tabs'><ul><li class='tab' type='browsers'><a title='test slots' href='#'>Browsers</a></li><li class='tab' type='config'><a title='node configuration' href='#'>Configuration</a></li></ul></div><div class='content'><div type='browsers' class='content_detail'><p class='protocol' >WebDriver</p><p>v:<img src='/grid/resources/org/openqa/grid/images/chrome.png' width='16' height='16' title='{server:CONFIG_UUID=c22ae129-011d-4aaf-b75f-c67b2639e85e, seleniumProtocol=WebDriver, browserName=chrome, maxInstances=25, platformName=WIN10, platform=WIN10}' />
<img src='/grid/resources/org/openqa/grid/images/chrome.png' width='16' height='16' title='{server:CONFIG_UUID=c22ae129-011d-4aaf-b75f-c67b2639e85e, seleniumProtocol=WebDriver, browserName=chrome, maxInstances=25, platformName=WIN10, platform=WIN10}' />
<img src='/grid/resources/org/openqa/grid/images/chrome.png' width='16' height='16' title='{server:CONFIG_UUID=c22ae129-011d-4aaf-b75f-c67b2639e85e, seleniumProtocol=WebDriver, browserName=chrome, maxInstances=25, platformName=WIN10, platform=WIN10}' />
<img src='/grid/resources/org/openqa/grid/images/chrome.png' width='16' height='16' title='{server:CONFIG_UUID=c22ae129-011d-4aaf-b75f-c67b2639e85e, seleniumProtocol=WebDriver, browserName=chrome, maxInstances=25, platformName=WIN10, platform=WIN10}' />
<img src='/grid/resources/org/openqa/grid/images/chrome.png' width='16' height='16' title='{server:CONFIG_UUID=c22ae129-011d-4aaf-b75f-c67b2639e85e, seleniumProtocol=WebDriver, browserName=chrome, maxInstances=25, platformName=WIN10, platform=WIN10}' />
<img src='/grid/resources/org/openqa/grid/images/chrome.png' width='16' height='16' title='{server:CONFIG_UUID=c22ae129-011d-4aaf-b75f-c67b2639e85e, seleniumProtocol=WebDriver, browserName=chrome, maxInstances=25, platformName=WIN10, platform=WIN10}' />
<img src='/grid/resources/org/openqa/grid/images/chrome.png' width='16' height='16' title='{server:CONFIG_UUID=c22ae129-011d-4aaf-b75f-c67b2639e85e, seleniumProtocol=WebDriver, browserName=chrome, maxInstances=25, platformName=WIN10, platform=WIN10}' />
<img src='/grid/resources/org/openqa/grid/images/chrome.png' width='16' height='16' title='{server:CONFIG_UUID=c22ae129-011d-4aaf-b75f-c67b2639e85e, seleniumProtocol=WebDriver, browserName=chrome, maxInstances=25, platformName=WIN10, platform=WIN10}' />
<img src='/grid/resources/org/openqa/grid/images/chrome.png' width='16' height='16' title='{server:CONFIG_UUID=c22ae129-011d-4aaf-b75f-c67b2639e85e, seleniumProtocol=WebDriver, browserName=chrome, maxInstances=25, platformName=WIN10, platform=WIN10}' />
<img src='/grid/resources/org/openqa/grid/images/chrome.png' width='16' height='16' title='{server:CONFIG_UUID=c22ae129-011d-4aaf-b75f-c67b2639e85e, seleniumProtocol=WebDriver, browserName=chrome, maxInstances=25, platformName=WIN10, platform=WIN10}' />
<img src='/grid/resources/org/openqa/grid/images/chrome.png' width='16' height='16' title='{server:CONFIG_UUID=c22ae129-011d-4aaf-b75f-c67b2639e85e, seleniumProtocol=WebDriver, browserName=chrome, maxInstances=25, platformName=WIN10, platform=WIN10}' />
<img src='/grid/resources/org/openqa/grid/images/chrome.png' width='16' height='16' title='{server:CONFIG_UUID=c22ae129-011d-4aaf-b75f-c67b2639e85e, seleniumProtocol=WebDriver, browserName=chrome, maxInstances=25, platformName=WIN10, platform=WIN10}' />
<img src='/grid/resources/org/openqa/grid/images/chrome.png' width='16' height='16' title='{server:CONFIG_UUID=c22ae129-011d-4aaf-b75f-c67b2639e85e, seleniumProtocol=WebDriver, browserName=chrome, maxInstances=25, platformName=WIN10, platform=WIN10}' />
<img src='/grid/resources/org/openqa/grid/images/chrome.png' width='16' height='16' title='{server:CONFIG_UUID=c22ae129-011d-4aaf-b75f-c67b2639e85e, seleniumProtocol=WebDriver, browserName=chrome, maxInstances=25, platformName=WIN10, platform=WIN10}' />
<img src='/grid/resources/org/openqa/grid/images/chrome.png' width='16' height='16' title='{server:CONFIG_UUID=c22ae129-011d-4aaf-b75f-c67b2639e85e, seleniumProtocol=WebDriver, browserName=chrome, maxInstances=25, platformName=WIN10, platform=WIN10}' />
<img src='/grid/resources/org/openqa/grid/images/chrome.png' width='16' height='16' title='{server:CONFIG_UUID=c22ae129-011d-4aaf-b75f-c67b2639e85e, seleniumProtocol=WebDriver, browserName=chrome, maxInstances=25, platformName=WIN10, platform=WIN10}' />
<img src='/grid/resources/org/openqa/grid/images/chrome.png' width='16' height='16' title='{server:CONFIG_UUID=c22ae129-011d-4aaf-b75f-c67b2639e85e, seleniumProtocol=WebDriver, browserName=chrome, maxInstances=25, platformName=WIN10, platform=WIN10}' />
<img src='/grid/resources/org/openqa/grid/images/chrome.png' width='16' height='16' title='{server:CONFIG_UUID=c22ae129-011d-4aaf-b75f-c67b2639e85e, seleniumProtocol=WebDriver, browserName=chrome, maxInstances=25, platformName=WIN10, platform=WIN10}' />
<img src='/grid/resources/org/openqa/grid/images/chrome.png' width='16' height='16' title='{server:CONFIG_UUID=c22ae129-011d-4aaf-b75f-c67b2639e85e, seleniumProtocol=WebDriver, browserName=chrome, maxInstances=25, platformName=WIN10, platform=WIN10}' />
<img src='/grid/resources/org/openqa/grid/images/chrome.png' width='16' height='16' title='{server:CONFIG_UUID=c22ae129-011d-4aaf-b75f-c67b2639e85e, seleniumProtocol=WebDriver, browserName=chrome, maxInstances=25, platformName=WIN10, platform=WIN10}' />
<img src='/grid/resources/org/openqa/grid/images/chrome.png' width='16' height='16' title='{server:CONFIG_UUID=c22ae129-011d-4aaf-b75f-c67b2639e85e, seleniumProtocol=WebDriver, browserName=chrome, maxInstances=25, platformName=WIN10, platform=WIN10}' />
<img src='/grid/resources/org/openqa/grid/images/chrome.png' width='16' height='16' title='{server:CONFIG_UUID=c22ae129-011d-4aaf-b75f-c67b2639e85e, seleniumProtocol=WebDriver, browserName=chrome, maxInstances=25, platformName=WIN10, platform=WIN10}' />
<img src='/grid/resources/org/openqa/grid/images/chrome.png' width='16' height='16' title='{server:CONFIG_UUID=c22ae129-011d-4aaf-b75f-c67b2639e85e, seleniumProtocol=WebDriver, browserName=chrome, maxInstances=25, platformName=WIN10, platform=WIN10}' />
<img src='/grid/resources/org/openqa/grid/images/chrome.png' width='16' height='16' title='{server:CONFIG_UUID=c22ae129-011d-4aaf-b75f-c67b2639e85e, seleniumProtocol=WebDriver, browserName=chrome, maxInstances=25, platformName=WIN10, platform=WIN10}' />
<img src='/grid/resources/org/openqa/grid/images/chrome.png' width='16' height='16' title='{server:CONFIG_UUID=c22ae129-011d-4aaf-b75f-c67b2639e85e, seleniumProtocol=WebDriver, browserName=chrome, maxInstances=25, platformName=WIN10, platform=WIN10}' />
</p></div><div type='config' class='content_detail'><p>browserTimeout: 0</p><p>debug: false</p><p>host: 192.168.1.7</p><p>port: 5557</p><p>role: node</p><p>timeout: 1800</p><p>cleanUpCycle: 5000</p><p>maxSession: 4</p><p>capabilities: Capabilities {browserName: chrome, maxInstances: 25, platform: WIN10, platformName: WIN10, seleniumProtocol: WebDriver, server:CONFIG_UUID: c22ae129-011d-4aaf-b75f-c67...}</p><p>downPollingLimit: 2</p><p>hub: http://localhost:4444/grid/register</p><p>id: http://192.168.1.7:5557</p><p>nodePolling: 5000</p><p>nodeStatusCheckTimeout: 5000</p><p>proxy: org.openqa.grid.selenium.proxy.DefaultRemoteProxy</p><p>register: true</p><p>registerCycle: 5000</p><p>remoteHost: http://192.168.1.7:5557</p><p>unregisterIfStillDownAfter: 60000</p></div></div></div></div><div class='clearfix'></div><div><ul></ul></div><div id='hub-config-container'><div id='hub-config-content'><b>Config for the hub :</b><br/><abbr title='browserTimeout'>browserTimeout : </abbr>0</br><abbr title='debug'>debug : </abbr>false</br><abbr title='host'>host : </abbr>192.168.1.7</br><abbr title='port'>port : </abbr>4444</br><abbr title='role'>role : </abbr>hub</br><abbr title='timeout'>timeout : </abbr>1800</br><abbr title='cleanUpCycle'>cleanUpCycle : </abbr>5000</br><abbr title='capabilityMatcher'>capabilityMatcher : </abbr>org.openqa.grid.internal.utils.DefaultCapabilityMatcher</br><abbr title='newSessionWaitTimeout'>newSessionWaitTimeout : </abbr>-1</br><abbr title='throwOnCapabilityNotPresent'>throwOnCapabilityNotPresent : </abbr>true</br><abbr title='registry'>registry : </abbr>org.openqa.grid.internal.DefaultGridRegistry</br><div id='verbose-config-container'><a id='verbose-config-view-toggle' href='#'>View Verbose</a><div id='verbose-config-content'><br/><b>The final configuration comes from:</b><br/><b>the default :</b><br/><abbr title='browserTimeout'>browserTimeout : </abbr>0</br><abbr title='debug'>debug : </abbr>false</br><abbr title='host'>host : </abbr>0.0.0.0</br><abbr title='port'>port : </abbr>4444</br><abbr title='role'>role : </abbr>hub</br><abbr title='timeout'>timeout : </abbr>1800</br><abbr title='cleanUpCycle'>cleanUpCycle : </abbr>5000</br><abbr title='capabilityMatcher'>capabilityMatcher : </abbr>org.openqa.grid.internal.utils.DefaultCapabilityMatcher</br><abbr title='newSessionWaitTimeout'>newSessionWaitTimeout : </abbr>-1</br><abbr title='throwOnCapabilityNotPresent'>throwOnCapabilityNotPresent : </abbr>true</br><abbr title='registry'>registry : </abbr>org.openqa.grid.internal.DefaultGridRegistry</br><b>updated with command line options:</b><br/>-port 4444 -role hub</div></div></div><a id='config-view-toggle' href='#'>View Config</a></div></div></body></html>
at org.openqa.selenium.remote.ProtocolHandshake.createSession(ProtocolHandshake.java:115)
at org.openqa.selenium.remote.ProtocolHandshake.createSession(ProtocolHandshake.java:74)
at org.openqa.selenium.remote.HttpCommandExecutor.execute(HttpCommandExecutor.java:136)
at org.openqa.selenium.remote.RemoteWebDriver.execute(RemoteWebDriver.java:552)
at org.openqa.selenium.remote.RemoteWebDriver.startSession(RemoteWebDriver.java:213)
at org.openqa.selenium.remote.RemoteWebDriver.<init>(RemoteWebDriver.java:131)
at org.openqa.selenium.remote.RemoteWebDriver.<init>(RemoteWebDriver.java:144)
at grid.TestParametersXML.launchBrowser(TestParametersXML.java:45)
at java.util.concurrent.FutureTask.run(Unknown Source)
at java.util.concurrent.ThreadPoolExecutor.runWorker(Unknown Source)
at java.util.concurrent.ThreadPoolExecutor$Worker.run(Unknown Source)
at java.lang.Thread.run(Unknown Source)
Caused by: org.openqa.selenium.json.JsonException: Unable to determine type from: <. Last 1 characters read: <
Build info: version: '3.141.59', revision: 'e82be7d358', time: '2018-11-14T08:17:03'
System info: host: 'DESKTOP-34AAFOG', ip: '192.168.1.7', os.name: 'Windows 10', os.arch: 'amd64', os.version: '10.0', java.version: '1.8.0_291'
Driver info: driver.version: RemoteWebDriver
at org.openqa.selenium.json.JsonInput.peek(JsonInput.java:122)
at org.openqa.selenium.json.JsonTypeCoercer.lambda$null$6(JsonTypeCoercer.java:140)
at org.openqa.selenium.json.JsonTypeCoercer.coerce(JsonTypeCoercer.java:126)
at org.openqa.selenium.json.Json.toType(Json.java:69)
at org.openqa.selenium.json.Json.toType(Json.java:55)
at org.openqa.selenium.json.Json.toType(Json.java:50)
at org.openqa.selenium.remote.ProtocolHandshake.createSession(ProtocolHandshake.java:112)
... 27 more
... Removed 16 stack frames]]>
    </failure>
  </testcase> <!-- launchBrowser -->
</testsuite> <!-- IE Test -->
