<?xml version="1.0" encoding="UTF-8"?>
<!-- Generated by org.testng.reporters.JUnitXMLReporter -->
<testsuite hostname="DESKTOP-34AAFOG" ignored="0" name="Test" tests="11" failures="0" timestamp="18 May 2021 16:11:34 GMT" time="0.094" errors="0">
  <testcase name="a" time="0.0" classname="practicetestcases.TestNG1"/>
  <testcase name="b" time="0.015" classname="practicetestcases.TestNG1"/>
  <testcase name="d" time="0.0" classname="practicetestcases.TestNG1"/>
  <testcase name="a2" time="0.0" classname="practicetestcases.TestNG2"/>
  <testcase name="b2" time="0.0" classname="practicetestcases.TestNG2"/>
  <testcase name="c2" time="0.0" classname="practicetestcases.TestNG2"/>
  <testcase name="a" time="0.0" classname="practicetestcases2.TestNG6P2"/>
  <testcase name="b" time="0.0" classname="practicetestcases2.TestNG6P2"/>
  <testcase name="c" time="0.0" classname="practicetestcases2.TestNG6P2"/>
  <testcase name="c" time="0.0" classname="practicetestcases3.TestNG9P3"/>
  <testcase name="d" time="0.0" classname="practicetestcases3.TestNG9P3"/>
</testsuite> <!-- Test -->
