<?xml version="1.0" encoding="UTF-8"?>
<testng-results skipped="0" failed="2" ignored="0" total="2" passed="0">
  <reporter-output>
  </reporter-output>
  <suite name="Parallel Test Suite" duration-ms="1297" started-at="2021-05-22T17:10:58Z" finished-at="2021-05-22T17:11:00Z">
    <groups>
    </groups>
    <test name="Chrome Test" duration-ms="1114" started-at="2021-05-22T17:10:58Z" finished-at="2021-05-22T17:10:59Z">
      <class name="grid.TestParametersXML">
        <test-method status="FAIL" signature="launchBrowser(java.lang.String)[pri:0, instance:grid.TestParametersXML@46d56d67]" name="launchBrowser" duration-ms="1066" started-at="2021-05-22T17:10:58Z" finished-at="2021-05-22T17:10:59Z">
          <params>
            <param index="0">
              <value>
                <![CDATA[chrome]]>
              </value>
            </param>
          </params>
          <exception class="org.openqa.selenium.WebDriverException">
            <message>
              <![CDATA[Unable to parse remote response: <html><head><script src='/grid/resources/org/openqa/grid/images/jquery-3.1.1.min.js'></script><script src='/grid/resources/org/openqa/grid/images/consoleservlet.js'></script><link href='/grid/resources/org/openqa/grid/images/consoleservlet.css' rel='stylesheet' type='text/css' /><link href='/grid/resources/org/openqa/grid/images/favicon.ico' rel='icon' type='image/x-icon' /><title>Grid Console</title><style>.busy { opacity : 0.4;filter: alpha(opacity=40);}</style></head><body><div id='main-content'><div id='header'><h1><a href='/grid/console'>Selenium</a></h1><h2>Grid Console v.3.141.59</h2><div><a id='helplink' target='_blank' href='https://github.com/SeleniumHQ/selenium/wiki/Grid2'>Help</a></div></div><div id='left-column'><div class='proxy'><p class='proxyname'>DefaultRemoteProxy (version : 3.141.59)<p class='proxyid'>id : http://192.168.1.7:5555, OS : mixed OS</p><div class='tabs'><ul><li class='tab' type='browsers'><a title='test slots' href='#'>Browsers</a></li><li class='tab' type='config'><a title='node configuration' href='#'>Configuration</a></li></ul></div><div class='content'><div type='browsers' class='content_detail'><p class='protocol' >WebDriver</p><p>v:<img src='/grid/resources/org/openqa/grid/images/internet_explorer.png' width='16' height='16' title='{server:CONFIG_UUID=c18a604e-60d8-4064-9911-b9796424d776, seleniumProtocol=WebDriver, browserName=internet explorer, maxInstances=1, platformName=WINDOWS, platform=WINDOWS}' />
</p><p>v:<img src='/grid/resources/org/openqa/grid/images/firefox.png' width='16' height='16' title='{server:CONFIG_UUID=1c5633b4-9883-4284-ae53-b4554eaa2bd1, seleniumProtocol=WebDriver, marionette=true, browserName=firefox, maxInstances=5, platformName=WIN10, platform=WIN10}' />
<img src='/grid/resources/org/openqa/grid/images/firefox.png' width='16' height='16' title='{server:CONFIG_UUID=1c5633b4-9883-4284-ae53-b4554eaa2bd1, seleniumProtocol=WebDriver, marionette=true, browserName=firefox, maxInstances=5, platformName=WIN10, platform=WIN10}' />
<img src='/grid/resources/org/openqa/grid/images/firefox.png' width='16' height='16' title='{server:CONFIG_UUID=1c5633b4-9883-4284-ae53-b4554eaa2bd1, seleniumProtocol=WebDriver, marionette=true, browserName=firefox, maxInstances=5, platformName=WIN10, platform=WIN10}' />
<img src='/grid/resources/org/openqa/grid/images/firefox.png' width='16' height='16' title='{server:CONFIG_UUID=1c5633b4-9883-4284-ae53-b4554eaa2bd1, seleniumProtocol=WebDriver, marionette=true, browserName=firefox, maxInstances=5, platformName=WIN10, platform=WIN10}' />
<img src='/grid/resources/org/openqa/grid/images/firefox.png' width='16' height='16' title='{server:CONFIG_UUID=1c5633b4-9883-4284-ae53-b4554eaa2bd1, seleniumProtocol=WebDriver, marionette=true, browserName=firefox, maxInstances=5, platformName=WIN10, platform=WIN10}' />
</p><p>v:<img src='/grid/resources/org/openqa/grid/images/chrome.png' width='16' height='16' title='{server:CONFIG_UUID=159417d8-3bd0-4038-90a5-4e9096b54010, seleniumProtocol=WebDriver, browserName=chrome, maxInstances=5, platformName=WIN10, platform=WIN10}' />
<img src='/grid/resources/org/openqa/grid/images/chrome.png' width='16' height='16' title='{server:CONFIG_UUID=159417d8-3bd0-4038-90a5-4e9096b54010, seleniumProtocol=WebDriver, browserName=chrome, maxInstances=5, platformName=WIN10, platform=WIN10}' />
<img src='/grid/resources/org/openqa/grid/images/chrome.png' width='16' height='16' title='{server:CONFIG_UUID=159417d8-3bd0-4038-90a5-4e9096b54010, seleniumProtocol=WebDriver, browserName=chrome, maxInstances=5, platformName=WIN10, platform=WIN10}' />
<img src='/grid/resources/org/openqa/grid/images/chrome.png' width='16' height='16' title='{server:CONFIG_UUID=159417d8-3bd0-4038-90a5-4e9096b54010, seleniumProtocol=WebDriver, browserName=chrome, maxInstances=5, platformName=WIN10, platform=WIN10}' />
<img src='/grid/resources/org/openqa/grid/images/chrome.png' width='16' height='16' title='{server:CONFIG_UUID=159417d8-3bd0-4038-90a5-4e9096b54010, seleniumProtocol=WebDriver, browserName=chrome, maxInstances=5, platformName=WIN10, platform=WIN10}' />
</p></div><div type='config' class='content_detail'><p>browserTimeout: 0</p><p>debug: false</p><p>host: 192.168.1.7</p><p>port: 5555</p><p>role: node</p><p>timeout: 1800</p><p>cleanUpCycle: 5000</p><p>maxSession: 5</p><p>capabilities: Capabilities {browserName: firefox, marionette: true, maxInstances: 5, platform: WIN10, platformName: WIN10, seleniumProtocol: WebDriver, server:CONFIG_UUID: 1c5633b4-9883-4284-ae53-b45...}</p><p>capabilities: Capabilities {browserName: chrome, maxInstances: 5, platform: WIN10, platformName: WIN10, seleniumProtocol: WebDriver, server:CONFIG_UUID: 159417d8-3bd0-4038-90a5-4e9...}</p><p>capabilities: Capabilities {browserName: internet explorer, maxInstances: 1, platform: WINDOWS, platformName: WINDOWS, seleniumProtocol: WebDriver, server:CONFIG_UUID: c18a604e-60d8-4064-9911-b97...}</p><p>downPollingLimit: 2</p><p>hub: http://localhost:4444/grid/register</p><p>id: http://192.168.1.7:5555</p><p>nodePolling: 5000</p><p>nodeStatusCheckTimeout: 5000</p><p>proxy: org.openqa.grid.selenium.proxy.DefaultRemoteProxy</p><p>register: true</p><p>registerCycle: 5000</p><p>remoteHost: http://192.168.1.7:5555</p><p>unregisterIfStillDownAfter: 60000</p></div></div></div></div><div id='right-column'><div class='proxy'><p class='proxyname'>DefaultRemoteProxy (version : 3.141.59)<p class='proxyid'>id : http://192.168.1.7:5557, OS : WIN10</p><div class='tabs'><ul><li class='tab' type='browsers'><a title='test slots' href='#'>Browsers</a></li><li class='tab' type='config'><a title='node configuration' href='#'>Configuration</a></li></ul></div><div class='content'><div type='browsers' class='content_detail'><p class='protocol' >WebDriver</p><p>v:<img src='/grid/resources/org/openqa/grid/images/chrome.png' width='16' height='16' title='{server:CONFIG_UUID=c22ae129-011d-4aaf-b75f-c67b2639e85e, seleniumProtocol=WebDriver, browserName=chrome, maxInstances=25, platformName=WIN10, platform=WIN10}' />
<img src='/grid/resources/org/openqa/grid/images/chrome.png' width='16' height='16' title='{server:CONFIG_UUID=c22ae129-011d-4aaf-b75f-c67b2639e85e, seleniumProtocol=WebDriver, browserName=chrome, maxInstances=25, platformName=WIN10, platform=WIN10}' />
<img src='/grid/resources/org/openqa/grid/images/chrome.png' width='16' height='16' title='{server:CONFIG_UUID=c22ae129-011d-4aaf-b75f-c67b2639e85e, seleniumProtocol=WebDriver, browserName=chrome, maxInstances=25, platformName=WIN10, platform=WIN10}' />
<img src='/grid/resources/org/openqa/grid/images/chrome.png' width='16' height='16' title='{server:CONFIG_UUID=c22ae129-011d-4aaf-b75f-c67b2639e85e, seleniumProtocol=WebDriver, browserName=chrome, maxInstances=25, platformName=WIN10, platform=WIN10}' />
<img src='/grid/resources/org/openqa/grid/images/chrome.png' width='16' height='16' title='{server:CONFIG_UUID=c22ae129-011d-4aaf-b75f-c67b2639e85e, seleniumProtocol=WebDriver, browserName=chrome, maxInstances=25, platformName=WIN10, platform=WIN10}' />
<img src='/grid/resources/org/openqa/grid/images/chrome.png' width='16' height='16' title='{server:CONFIG_UUID=c22ae129-011d-4aaf-b75f-c67b2639e85e, seleniumProtocol=WebDriver, browserName=chrome, maxInstances=25, platformName=WIN10, platform=WIN10}' />
<img src='/grid/resources/org/openqa/grid/images/chrome.png' width='16' height='16' title='{server:CONFIG_UUID=c22ae129-011d-4aaf-b75f-c67b2639e85e, seleniumProtocol=WebDriver, browserName=chrome, maxInstances=25, platformName=WIN10, platform=WIN10}' />
<img src='/grid/resources/org/openqa/grid/images/chrome.png' width='16' height='16' title='{server:CONFIG_UUID=c22ae129-011d-4aaf-b75f-c67b2639e85e, seleniumProtocol=WebDriver, browserName=chrome, maxInstances=25, platformName=WIN10, platform=WIN10}' />
<img src='/grid/resources/org/openqa/grid/images/chrome.png' width='16' height='16' title='{server:CONFIG_UUID=c22ae129-011d-4aaf-b75f-c67b2639e85e, seleniumProtocol=WebDriver, browserName=chrome, maxInstances=25, platformName=WIN10, platform=WIN10}' />
<img src='/grid/resources/org/openqa/grid/images/chrome.png' width='16' height='16' title='{server:CONFIG_UUID=c22ae129-011d-4aaf-b75f-c67b2639e85e, seleniumProtocol=WebDriver, browserName=chrome, maxInstances=25, platformName=WIN10, platform=WIN10}' />
<img src='/grid/resources/org/openqa/grid/images/chrome.png' width='16' height='16' title='{server:CONFIG_UUID=c22ae129-011d-4aaf-b75f-c67b2639e85e, seleniumProtocol=WebDriver, browserName=chrome, maxInstances=25, platformName=WIN10, platform=WIN10}' />
<img src='/grid/resources/org/openqa/grid/images/chrome.png' width='16' height='16' title='{server:CONFIG_UUID=c22ae129-011d-4aaf-b75f-c67b2639e85e, seleniumProtocol=WebDriver, browserName=chrome, maxInstances=25, platformName=WIN10, platform=WIN10}' />
<img src='/grid/resources/org/openqa/grid/images/chrome.png' width='16' height='16' title='{server:CONFIG_UUID=c22ae129-011d-4aaf-b75f-c67b2639e85e, seleniumProtocol=WebDriver, browserName=chrome, maxInstances=25, platformName=WIN10, platform=WIN10}' />
<img src='/grid/resources/org/openqa/grid/images/chrome.png' width='16' height='16' title='{server:CONFIG_UUID=c22ae129-011d-4aaf-b75f-c67b2639e85e, seleniumProtocol=WebDriver, browserName=chrome, maxInstances=25, platformName=WIN10, platform=WIN10}' />
<img src='/grid/resources/org/openqa/grid/images/chrome.png' width='16' height='16' title='{server:CONFIG_UUID=c22ae129-011d-4aaf-b75f-c67b2639e85e, seleniumProtocol=WebDriver, browserName=chrome, maxInstances=25, platformName=WIN10, platform=WIN10}' />
<img src='/grid/resources/org/openqa/grid/images/chrome.png' width='16' height='16' title='{server:CONFIG_UUID=c22ae129-011d-4aaf-b75f-c67b2639e85e, seleniumProtocol=WebDriver, browserName=chrome, maxInstances=25, platformName=WIN10, platform=WIN10}' />
<img src='/grid/resources/org/openqa/grid/images/chrome.png' width='16' height='16' title='{server:CONFIG_UUID=c22ae129-011d-4aaf-b75f-c67b2639e85e, seleniumProtocol=WebDriver, browserName=chrome, maxInstances=25, platformName=WIN10, platform=WIN10}' />
<img src='/grid/resources/org/openqa/grid/images/chrome.png' width='16' height='16' title='{server:CONFIG_UUID=c22ae129-011d-4aaf-b75f-c67b2639e85e, seleniumProtocol=WebDriver, browserName=chrome, maxInstances=25, platformName=WIN10, platform=WIN10}' />
<img src='/grid/resources/org/openqa/grid/images/chrome.png' width='16' height='16' title='{server:CONFIG_UUID=c22ae129-011d-4aaf-b75f-c67b2639e85e, seleniumProtocol=WebDriver, browserName=chrome, maxInstances=25, platformName=WIN10, platform=WIN10}' />
<img src='/grid/resources/org/openqa/grid/images/chrome.png' width='16' height='16' title='{server:CONFIG_UUID=c22ae129-011d-4aaf-b75f-c67b2639e85e, seleniumProtocol=WebDriver, browserName=chrome, maxInstances=25, platformName=WIN10, platform=WIN10}' />
<img src='/grid/resources/org/openqa/grid/images/chrome.png' width='16' height='16' title='{server:CONFIG_UUID=c22ae129-011d-4aaf-b75f-c67b2639e85e, seleniumProtocol=WebDriver, browserName=chrome, maxInstances=25, platformName=WIN10, platform=WIN10}' />
<img src='/grid/resources/org/openqa/grid/images/chrome.png' width='16' height='16' title='{server:CONFIG_UUID=c22ae129-011d-4aaf-b75f-c67b2639e85e, seleniumProtocol=WebDriver, browserName=chrome, maxInstances=25, platformName=WIN10, platform=WIN10}' />
<img src='/grid/resources/org/openqa/grid/images/chrome.png' width='16' height='16' title='{server:CONFIG_UUID=c22ae129-011d-4aaf-b75f-c67b2639e85e, seleniumProtocol=WebDriver, browserName=chrome, maxInstances=25, platformName=WIN10, platform=WIN10}' />
<img src='/grid/resources/org/openqa/grid/images/chrome.png' width='16' height='16' title='{server:CONFIG_UUID=c22ae129-011d-4aaf-b75f-c67b2639e85e, seleniumProtocol=WebDriver, browserName=chrome, maxInstances=25, platformName=WIN10, platform=WIN10}' />
<img src='/grid/resources/org/openqa/grid/images/chrome.png' width='16' height='16' title='{server:CONFIG_UUID=c22ae129-011d-4aaf-b75f-c67b2639e85e, seleniumProtocol=WebDriver, browserName=chrome, maxInstances=25, platformName=WIN10, platform=WIN10}' />
</p></div><div type='config' class='content_detail'><p>browserTimeout: 0</p><p>debug: false</p><p>host: 192.168.1.7</p><p>port: 5557</p><p>role: node</p><p>timeout: 1800</p><p>cleanUpCycle: 5000</p><p>maxSession: 4</p><p>capabilities: Capabilities {browserName: chrome, maxInstances: 25, platform: WIN10, platformName: WIN10, seleniumProtocol: WebDriver, server:CONFIG_UUID: c22ae129-011d-4aaf-b75f-c67...}</p><p>downPollingLimit: 2</p><p>hub: http://localhost:4444/grid/register</p><p>id: http://192.168.1.7:5557</p><p>nodePolling: 5000</p><p>nodeStatusCheckTimeout: 5000</p><p>proxy: org.openqa.grid.selenium.proxy.DefaultRemoteProxy</p><p>register: true</p><p>registerCycle: 5000</p><p>remoteHost: http://192.168.1.7:5557</p><p>unregisterIfStillDownAfter: 60000</p></div></div></div></div><div class='clearfix'></div><div><ul></ul></div><div id='hub-config-container'><div id='hub-config-content'><b>Config for the hub :</b><br/><abbr title='browserTimeout'>browserTimeout : </abbr>0</br><abbr title='debug'>debug : </abbr>false</br><abbr title='host'>host : </abbr>192.168.1.7</br><abbr title='port'>port : </abbr>4444</br><abbr title='role'>role : </abbr>hub</br><abbr title='timeout'>timeout : </abbr>1800</br><abbr title='cleanUpCycle'>cleanUpCycle : </abbr>5000</br><abbr title='capabilityMatcher'>capabilityMatcher : </abbr>org.openqa.grid.internal.utils.DefaultCapabilityMatcher</br><abbr title='newSessionWaitTimeout'>newSessionWaitTimeout : </abbr>-1</br><abbr title='throwOnCapabilityNotPresent'>throwOnCapabilityNotPresent : </abbr>true</br><abbr title='registry'>registry : </abbr>org.openqa.grid.internal.DefaultGridRegistry</br><div id='verbose-config-container'><a id='verbose-config-view-toggle' href='#'>View Verbose</a><div id='verbose-config-content'><br/><b>The final configuration comes from:</b><br/><b>the default :</b><br/><abbr title='browserTimeout'>browserTimeout : </abbr>0</br><abbr title='debug'>debug : </abbr>false</br><abbr title='host'>host : </abbr>0.0.0.0</br><abbr title='port'>port : </abbr>4444</br><abbr title='role'>role : </abbr>hub</br><abbr title='timeout'>timeout : </abbr>1800</br><abbr title='cleanUpCycle'>cleanUpCycle : </abbr>5000</br><abbr title='capabilityMatcher'>capabilityMatcher : </abbr>org.openqa.grid.internal.utils.DefaultCapabilityMatcher</br><abbr title='newSessionWaitTimeout'>newSessionWaitTimeout : </abbr>-1</br><abbr title='throwOnCapabilityNotPresent'>throwOnCapabilityNotPresent : </abbr>true</br><abbr title='registry'>registry : </abbr>org.openqa.grid.internal.DefaultGridRegistry</br><b>updated with command line options:</b><br/>-port 4444 -role hub</div></div></div><a id='config-view-toggle' href='#'>View Config</a></div></div></body></html>]]>
            </message>
            <full-stacktrace>
              <![CDATA[org.openqa.selenium.WebDriverException: Unable to parse remote response: <html><head><script src='/grid/resources/org/openqa/grid/images/jquery-3.1.1.min.js'></script><script src='/grid/resources/org/openqa/grid/images/consoleservlet.js'></script><link href='/grid/resources/org/openqa/grid/images/consoleservlet.css' rel='stylesheet' type='text/css' /><link href='/grid/resources/org/openqa/grid/images/favicon.ico' rel='icon' type='image/x-icon' /><title>Grid Console</title><style>.busy { opacity : 0.4;filter: alpha(opacity=40);}</style></head><body><div id='main-content'><div id='header'><h1><a href='/grid/console'>Selenium</a></h1><h2>Grid Console v.3.141.59</h2><div><a id='helplink' target='_blank' href='https://github.com/SeleniumHQ/selenium/wiki/Grid2'>Help</a></div></div><div id='left-column'><div class='proxy'><p class='proxyname'>DefaultRemoteProxy (version : 3.141.59)<p class='proxyid'>id : http://192.168.1.7:5555, OS : mixed OS</p><div class='tabs'><ul><li class='tab' type='browsers'><a title='test slots' href='#'>Browsers</a></li><li class='tab' type='config'><a title='node configuration' href='#'>Configuration</a></li></ul></div><div class='content'><div type='browsers' class='content_detail'><p class='protocol' >WebDriver</p><p>v:<img src='/grid/resources/org/openqa/grid/images/internet_explorer.png' width='16' height='16' title='{server:CONFIG_UUID=c18a604e-60d8-4064-9911-b9796424d776, seleniumProtocol=WebDriver, browserName=internet explorer, maxInstances=1, platformName=WINDOWS, platform=WINDOWS}' />
</p><p>v:<img src='/grid/resources/org/openqa/grid/images/firefox.png' width='16' height='16' title='{server:CONFIG_UUID=1c5633b4-9883-4284-ae53-b4554eaa2bd1, seleniumProtocol=WebDriver, marionette=true, browserName=firefox, maxInstances=5, platformName=WIN10, platform=WIN10}' />
<img src='/grid/resources/org/openqa/grid/images/firefox.png' width='16' height='16' title='{server:CONFIG_UUID=1c5633b4-9883-4284-ae53-b4554eaa2bd1, seleniumProtocol=WebDriver, marionette=true, browserName=firefox, maxInstances=5, platformName=WIN10, platform=WIN10}' />
<img src='/grid/resources/org/openqa/grid/images/firefox.png' width='16' height='16' title='{server:CONFIG_UUID=1c5633b4-9883-4284-ae53-b4554eaa2bd1, seleniumProtocol=WebDriver, marionette=true, browserName=firefox, maxInstances=5, platformName=WIN10, platform=WIN10}' />
<img src='/grid/resources/org/openqa/grid/images/firefox.png' width='16' height='16' title='{server:CONFIG_UUID=1c5633b4-9883-4284-ae53-b4554eaa2bd1, seleniumProtocol=WebDriver, marionette=true, browserName=firefox, maxInstances=5, platformName=WIN10, platform=WIN10}' />
<img src='/grid/resources/org/openqa/grid/images/firefox.png' width='16' height='16' title='{server:CONFIG_UUID=1c5633b4-9883-4284-ae53-b4554eaa2bd1, seleniumProtocol=WebDriver, marionette=true, browserName=firefox, maxInstances=5, platformName=WIN10, platform=WIN10}' />
</p><p>v:<img src='/grid/resources/org/openqa/grid/images/chrome.png' width='16' height='16' title='{server:CONFIG_UUID=159417d8-3bd0-4038-90a5-4e9096b54010, seleniumProtocol=WebDriver, browserName=chrome, maxInstances=5, platformName=WIN10, platform=WIN10}' />
<img src='/grid/resources/org/openqa/grid/images/chrome.png' width='16' height='16' title='{server:CONFIG_UUID=159417d8-3bd0-4038-90a5-4e9096b54010, seleniumProtocol=WebDriver, browserName=chrome, maxInstances=5, platformName=WIN10, platform=WIN10}' />
<img src='/grid/resources/org/openqa/grid/images/chrome.png' width='16' height='16' title='{server:CONFIG_UUID=159417d8-3bd0-4038-90a5-4e9096b54010, seleniumProtocol=WebDriver, browserName=chrome, maxInstances=5, platformName=WIN10, platform=WIN10}' />
<img src='/grid/resources/org/openqa/grid/images/chrome.png' width='16' height='16' title='{server:CONFIG_UUID=159417d8-3bd0-4038-90a5-4e9096b54010, seleniumProtocol=WebDriver, browserName=chrome, maxInstances=5, platformName=WIN10, platform=WIN10}' />
<img src='/grid/resources/org/openqa/grid/images/chrome.png' width='16' height='16' title='{server:CONFIG_UUID=159417d8-3bd0-4038-90a5-4e9096b54010, seleniumProtocol=WebDriver, browserName=chrome, maxInstances=5, platformName=WIN10, platform=WIN10}' />
</p></div><div type='config' class='content_detail'><p>browserTimeout: 0</p><p>debug: false</p><p>host: 192.168.1.7</p><p>port: 5555</p><p>role: node</p><p>timeout: 1800</p><p>cleanUpCycle: 5000</p><p>maxSession: 5</p><p>capabilities: Capabilities {browserName: firefox, marionette: true, maxInstances: 5, platform: WIN10, platformName: WIN10, seleniumProtocol: WebDriver, server:CONFIG_UUID: 1c5633b4-9883-4284-ae53-b45...}</p><p>capabilities: Capabilities {browserName: chrome, maxInstances: 5, platform: WIN10, platformName: WIN10, seleniumProtocol: WebDriver, server:CONFIG_UUID: 159417d8-3bd0-4038-90a5-4e9...}</p><p>capabilities: Capabilities {browserName: internet explorer, maxInstances: 1, platform: WINDOWS, platformName: WINDOWS, seleniumProtocol: WebDriver, server:CONFIG_UUID: c18a604e-60d8-4064-9911-b97...}</p><p>downPollingLimit: 2</p><p>hub: http://localhost:4444/grid/register</p><p>id: http://192.168.1.7:5555</p><p>nodePolling: 5000</p><p>nodeStatusCheckTimeout: 5000</p><p>proxy: org.openqa.grid.selenium.proxy.DefaultRemoteProxy</p><p>register: true</p><p>registerCycle: 5000</p><p>remoteHost: http://192.168.1.7:5555</p><p>unregisterIfStillDownAfter: 60000</p></div></div></div></div><div id='right-column'><div class='proxy'><p class='proxyname'>DefaultRemoteProxy (version : 3.141.59)<p class='proxyid'>id : http://192.168.1.7:5557, OS : WIN10</p><div class='tabs'><ul><li class='tab' type='browsers'><a title='test slots' href='#'>Browsers</a></li><li class='tab' type='config'><a title='node configuration' href='#'>Configuration</a></li></ul></div><div class='content'><div type='browsers' class='content_detail'><p class='protocol' >WebDriver</p><p>v:<img src='/grid/resources/org/openqa/grid/images/chrome.png' width='16' height='16' title='{server:CONFIG_UUID=c22ae129-011d-4aaf-b75f-c67b2639e85e, seleniumProtocol=WebDriver, browserName=chrome, maxInstances=25, platformName=WIN10, platform=WIN10}' />
<img src='/grid/resources/org/openqa/grid/images/chrome.png' width='16' height='16' title='{server:CONFIG_UUID=c22ae129-011d-4aaf-b75f-c67b2639e85e, seleniumProtocol=WebDriver, browserName=chrome, maxInstances=25, platformName=WIN10, platform=WIN10}' />
<img src='/grid/resources/org/openqa/grid/images/chrome.png' width='16' height='16' title='{server:CONFIG_UUID=c22ae129-011d-4aaf-b75f-c67b2639e85e, seleniumProtocol=WebDriver, browserName=chrome, maxInstances=25, platformName=WIN10, platform=WIN10}' />
<img src='/grid/resources/org/openqa/grid/images/chrome.png' width='16' height='16' title='{server:CONFIG_UUID=c22ae129-011d-4aaf-b75f-c67b2639e85e, seleniumProtocol=WebDriver, browserName=chrome, maxInstances=25, platformName=WIN10, platform=WIN10}' />
<img src='/grid/resources/org/openqa/grid/images/chrome.png' width='16' height='16' title='{server:CONFIG_UUID=c22ae129-011d-4aaf-b75f-c67b2639e85e, seleniumProtocol=WebDriver, browserName=chrome, maxInstances=25, platformName=WIN10, platform=WIN10}' />
<img src='/grid/resources/org/openqa/grid/images/chrome.png' width='16' height='16' title='{server:CONFIG_UUID=c22ae129-011d-4aaf-b75f-c67b2639e85e, seleniumProtocol=WebDriver, browserName=chrome, maxInstances=25, platformName=WIN10, platform=WIN10}' />
<img src='/grid/resources/org/openqa/grid/images/chrome.png' width='16' height='16' title='{server:CONFIG_UUID=c22ae129-011d-4aaf-b75f-c67b2639e85e, seleniumProtocol=WebDriver, browserName=chrome, maxInstances=25, platformName=WIN10, platform=WIN10}' />
<img src='/grid/resources/org/openqa/grid/images/chrome.png' width='16' height='16' title='{server:CONFIG_UUID=c22ae129-011d-4aaf-b75f-c67b2639e85e, seleniumProtocol=WebDriver, browserName=chrome, maxInstances=25, platformName=WIN10, platform=WIN10}' />
<img src='/grid/resources/org/openqa/grid/images/chrome.png' width='16' height='16' title='{server:CONFIG_UUID=c22ae129-011d-4aaf-b75f-c67b2639e85e, seleniumProtocol=WebDriver, browserName=chrome, maxInstances=25, platformName=WIN10, platform=WIN10}' />
<img src='/grid/resources/org/openqa/grid/images/chrome.png' width='16' height='16' title='{server:CONFIG_UUID=c22ae129-011d-4aaf-b75f-c67b2639e85e, seleniumProtocol=WebDriver, browserName=chrome, maxInstances=25, platformName=WIN10, platform=WIN10}' />
<img src='/grid/resources/org/openqa/grid/images/chrome.png' width='16' height='16' title='{server:CONFIG_UUID=c22ae129-011d-4aaf-b75f-c67b2639e85e, seleniumProtocol=WebDriver, browserName=chrome, maxInstances=25, platformName=WIN10, platform=WIN10}' />
<img src='/grid/resources/org/openqa/grid/images/chrome.png' width='16' height='16' title='{server:CONFIG_UUID=c22ae129-011d-4aaf-b75f-c67b2639e85e, seleniumProtocol=WebDriver, browserName=chrome, maxInstances=25, platformName=WIN10, platform=WIN10}' />
<img src='/grid/resources/org/openqa/grid/images/chrome.png' width='16' height='16' title='{server:CONFIG_UUID=c22ae129-011d-4aaf-b75f-c67b2639e85e, seleniumProtocol=WebDriver, browserName=chrome, maxInstances=25, platformName=WIN10, platform=WIN10}' />
<img src='/grid/resources/org/openqa/grid/images/chrome.png' width='16' height='16' title='{server:CONFIG_UUID=c22ae129-011d-4aaf-b75f-c67b2639e85e, seleniumProtocol=WebDriver, browserName=chrome, maxInstances=25, platformName=WIN10, platform=WIN10}' />
<img src='/grid/resources/org/openqa/grid/images/chrome.png' width='16' height='16' title='{server:CONFIG_UUID=c22ae129-011d-4aaf-b75f-c67b2639e85e, seleniumProtocol=WebDriver, browserName=chrome, maxInstances=25, platformName=WIN10, platform=WIN10}' />
<img src='/grid/resources/org/openqa/grid/images/chrome.png' width='16' height='16' title='{server:CONFIG_UUID=c22ae129-011d-4aaf-b75f-c67b2639e85e, seleniumProtocol=WebDriver, browserName=chrome, maxInstances=25, platformName=WIN10, platform=WIN10}' />
<img src='/grid/resources/org/openqa/grid/images/chrome.png' width='16' height='16' title='{server:CONFIG_UUID=c22ae129-011d-4aaf-b75f-c67b2639e85e, seleniumProtocol=WebDriver, browserName=chrome, maxInstances=25, platformName=WIN10, platform=WIN10}' />
<img src='/grid/resources/org/openqa/grid/images/chrome.png' width='16' height='16' title='{server:CONFIG_UUID=c22ae129-011d-4aaf-b75f-c67b2639e85e, seleniumProtocol=WebDriver, browserName=chrome, maxInstances=25, platformName=WIN10, platform=WIN10}' />
<img src='/grid/resources/org/openqa/grid/images/chrome.png' width='16' height='16' title='{server:CONFIG_UUID=c22ae129-011d-4aaf-b75f-c67b2639e85e, seleniumProtocol=WebDriver, browserName=chrome, maxInstances=25, platformName=WIN10, platform=WIN10}' />
<img src='/grid/resources/org/openqa/grid/images/chrome.png' width='16' height='16' title='{server:CONFIG_UUID=c22ae129-011d-4aaf-b75f-c67b2639e85e, seleniumProtocol=WebDriver, browserName=chrome, maxInstances=25, platformName=WIN10, platform=WIN10}' />
<img src='/grid/resources/org/openqa/grid/images/chrome.png' width='16' height='16' title='{server:CONFIG_UUID=c22ae129-011d-4aaf-b75f-c67b2639e85e, seleniumProtocol=WebDriver, browserName=chrome, maxInstances=25, platformName=WIN10, platform=WIN10}' />
<img src='/grid/resources/org/openqa/grid/images/chrome.png' width='16' height='16' title='{server:CONFIG_UUID=c22ae129-011d-4aaf-b75f-c67b2639e85e, seleniumProtocol=WebDriver, browserName=chrome, maxInstances=25, platformName=WIN10, platform=WIN10}' />
<img src='/grid/resources/org/openqa/grid/images/chrome.png' width='16' height='16' title='{server:CONFIG_UUID=c22ae129-011d-4aaf-b75f-c67b2639e85e, seleniumProtocol=WebDriver, browserName=chrome, maxInstances=25, platformName=WIN10, platform=WIN10}' />
<img src='/grid/resources/org/openqa/grid/images/chrome.png' width='16' height='16' title='{server:CONFIG_UUID=c22ae129-011d-4aaf-b75f-c67b2639e85e, seleniumProtocol=WebDriver, browserName=chrome, maxInstances=25, platformName=WIN10, platform=WIN10}' />
<img src='/grid/resources/org/openqa/grid/images/chrome.png' width='16' height='16' title='{server:CONFIG_UUID=c22ae129-011d-4aaf-b75f-c67b2639e85e, seleniumProtocol=WebDriver, browserName=chrome, maxInstances=25, platformName=WIN10, platform=WIN10}' />
</p></div><div type='config' class='content_detail'><p>browserTimeout: 0</p><p>debug: false</p><p>host: 192.168.1.7</p><p>port: 5557</p><p>role: node</p><p>timeout: 1800</p><p>cleanUpCycle: 5000</p><p>maxSession: 4</p><p>capabilities: Capabilities {browserName: chrome, maxInstances: 25, platform: WIN10, platformName: WIN10, seleniumProtocol: WebDriver, server:CONFIG_UUID: c22ae129-011d-4aaf-b75f-c67...}</p><p>downPollingLimit: 2</p><p>hub: http://localhost:4444/grid/register</p><p>id: http://192.168.1.7:5557</p><p>nodePolling: 5000</p><p>nodeStatusCheckTimeout: 5000</p><p>proxy: org.openqa.grid.selenium.proxy.DefaultRemoteProxy</p><p>register: true</p><p>registerCycle: 5000</p><p>remoteHost: http://192.168.1.7:5557</p><p>unregisterIfStillDownAfter: 60000</p></div></div></div></div><div class='clearfix'></div><div><ul></ul></div><div id='hub-config-container'><div id='hub-config-content'><b>Config for the hub :</b><br/><abbr title='browserTimeout'>browserTimeout : </abbr>0</br><abbr title='debug'>debug : </abbr>false</br><abbr title='host'>host : </abbr>192.168.1.7</br><abbr title='port'>port : </abbr>4444</br><abbr title='role'>role : </abbr>hub</br><abbr title='timeout'>timeout : </abbr>1800</br><abbr title='cleanUpCycle'>cleanUpCycle : </abbr>5000</br><abbr title='capabilityMatcher'>capabilityMatcher : </abbr>org.openqa.grid.internal.utils.DefaultCapabilityMatcher</br><abbr title='newSessionWaitTimeout'>newSessionWaitTimeout : </abbr>-1</br><abbr title='throwOnCapabilityNotPresent'>throwOnCapabilityNotPresent : </abbr>true</br><abbr title='registry'>registry : </abbr>org.openqa.grid.internal.DefaultGridRegistry</br><div id='verbose-config-container'><a id='verbose-config-view-toggle' href='#'>View Verbose</a><div id='verbose-config-content'><br/><b>The final configuration comes from:</b><br/><b>the default :</b><br/><abbr title='browserTimeout'>browserTimeout : </abbr>0</br><abbr title='debug'>debug : </abbr>false</br><abbr title='host'>host : </abbr>0.0.0.0</br><abbr title='port'>port : </abbr>4444</br><abbr title='role'>role : </abbr>hub</br><abbr title='timeout'>timeout : </abbr>1800</br><abbr title='cleanUpCycle'>cleanUpCycle : </abbr>5000</br><abbr title='capabilityMatcher'>capabilityMatcher : </abbr>org.openqa.grid.internal.utils.DefaultCapabilityMatcher</br><abbr title='newSessionWaitTimeout'>newSessionWaitTimeout : </abbr>-1</br><abbr title='throwOnCapabilityNotPresent'>throwOnCapabilityNotPresent : </abbr>true</br><abbr title='registry'>registry : </abbr>org.openqa.grid.internal.DefaultGridRegistry</br><b>updated with command line options:</b><br/>-port 4444 -role hub</div></div></div><a id='config-view-toggle' href='#'>View Config</a></div></div></body></html>
at org.openqa.selenium.remote.ProtocolHandshake.createSession(ProtocolHandshake.java:115)
at org.openqa.selenium.remote.ProtocolHandshake.createSession(ProtocolHandshake.java:74)
at org.openqa.selenium.remote.HttpCommandExecutor.execute(HttpCommandExecutor.java:136)
at org.openqa.selenium.remote.RemoteWebDriver.execute(RemoteWebDriver.java:552)
at org.openqa.selenium.remote.RemoteWebDriver.startSession(RemoteWebDriver.java:213)
at org.openqa.selenium.remote.RemoteWebDriver.<init>(RemoteWebDriver.java:131)
at org.openqa.selenium.remote.RemoteWebDriver.<init>(RemoteWebDriver.java:144)
at grid.TestParametersXML.launchBrowser(TestParametersXML.java:45)
at sun.reflect.NativeMethodAccessorImpl.invoke0(Native Method)
at sun.reflect.NativeMethodAccessorImpl.invoke(Unknown Source)
at sun.reflect.DelegatingMethodAccessorImpl.invoke(Unknown Source)
at java.lang.reflect.Method.invoke(Unknown Source)
at org.testng.internal.MethodInvocationHelper.invokeMethod(MethodInvocationHelper.java:124)
at org.testng.internal.Invoker.invokeMethod(Invoker.java:583)
at org.testng.internal.Invoker.invokeTestMethod(Invoker.java:719)
at org.testng.internal.Invoker.invokeTestMethods(Invoker.java:989)
at org.testng.internal.TestMethodWorker.invokeTestMethods(TestMethodWorker.java:125)
at org.testng.internal.TestMethodWorker.run(TestMethodWorker.java:109)
at org.testng.TestRunner.privateRun(TestRunner.java:648)
at org.testng.TestRunner.run(TestRunner.java:505)
at org.testng.SuiteRunner.runTest(SuiteRunner.java:455)
at org.testng.SuiteRunner.runSequentially(SuiteRunner.java:450)
at org.testng.SuiteRunner.privateRun(SuiteRunner.java:415)
at org.testng.SuiteRunner.run(SuiteRunner.java:364)
at org.testng.SuiteRunnerWorker.runSuite(SuiteRunnerWorker.java:52)
at org.testng.SuiteRunnerWorker.run(SuiteRunnerWorker.java:84)
at org.testng.TestNG.runSuitesSequentially(TestNG.java:1208)
at org.testng.TestNG.runSuitesLocally(TestNG.java:1137)
at org.testng.TestNG.runSuites(TestNG.java:1049)
at org.testng.TestNG.run(TestNG.java:1017)
at org.testng.remote.AbstractRemoteTestNG.run(AbstractRemoteTestNG.java:115)
at org.testng.remote.RemoteTestNG.initAndRun(RemoteTestNG.java:251)
at org.testng.remote.RemoteTestNG.main(RemoteTestNG.java:77)
Caused by: org.openqa.selenium.json.JsonException: Unable to determine type from: <. Last 1 characters read: <
Build info: version: '3.141.59', revision: 'e82be7d358', time: '2018-11-14T08:17:03'
System info: host: 'DESKTOP-34AAFOG', ip: '192.168.1.7', os.name: 'Windows 10', os.arch: 'amd64', os.version: '10.0', java.version: '1.8.0_291'
Driver info: driver.version: RemoteWebDriver
at org.openqa.selenium.json.JsonInput.peek(JsonInput.java:122)
at org.openqa.selenium.json.JsonTypeCoercer.lambda$null$6(JsonTypeCoercer.java:140)
at org.openqa.selenium.json.JsonTypeCoercer.coerce(JsonTypeCoercer.java:126)
at org.openqa.selenium.json.Json.toType(Json.java:69)
at org.openqa.selenium.json.Json.toType(Json.java:55)
at org.openqa.selenium.json.Json.toType(Json.java:50)
at org.openqa.selenium.remote.ProtocolHandshake.createSession(ProtocolHandshake.java:112)
... 32 more
]]>
            </full-stacktrace>
          </exception> <!-- org.openqa.selenium.WebDriverException -->
          <reporter-output>
          </reporter-output>
        </test-method> <!-- launchBrowser -->
      </class> <!-- grid.TestParametersXML -->
    </test> <!-- Chrome Test -->
    <test name="IE Test" duration-ms="63" started-at="2021-05-22T17:11:00Z" finished-at="2021-05-22T17:11:00Z">
      <class name="grid.TestParametersXML">
        <test-method status="FAIL" signature="launchBrowser(java.lang.String)[pri:0, instance:grid.TestParametersXML@53b32d7]" name="launchBrowser" duration-ms="41" started-at="2021-05-22T17:11:00Z" finished-at="2021-05-22T17:11:00Z">
          <params>
            <param index="0">
              <value>
                <![CDATA[ie]]>
              </value>
            </param>
          </params>
          <exception class="org.openqa.selenium.WebDriverException">
            <message>
              <![CDATA[Unable to parse remote response: <html><head><script src='/grid/resources/org/openqa/grid/images/jquery-3.1.1.min.js'></script><script src='/grid/resources/org/openqa/grid/images/consoleservlet.js'></script><link href='/grid/resources/org/openqa/grid/images/consoleservlet.css' rel='stylesheet' type='text/css' /><link href='/grid/resources/org/openqa/grid/images/favicon.ico' rel='icon' type='image/x-icon' /><title>Grid Console</title><style>.busy { opacity : 0.4;filter: alpha(opacity=40);}</style></head><body><div id='main-content'><div id='header'><h1><a href='/grid/console'>Selenium</a></h1><h2>Grid Console v.3.141.59</h2><div><a id='helplink' target='_blank' href='https://github.com/SeleniumHQ/selenium/wiki/Grid2'>Help</a></div></div><div id='left-column'><div class='proxy'><p class='proxyname'>DefaultRemoteProxy (version : 3.141.59)<p class='proxyid'>id : http://192.168.1.7:5555, OS : mixed OS</p><div class='tabs'><ul><li class='tab' type='browsers'><a title='test slots' href='#'>Browsers</a></li><li class='tab' type='config'><a title='node configuration' href='#'>Configuration</a></li></ul></div><div class='content'><div type='browsers' class='content_detail'><p class='protocol' >WebDriver</p><p>v:<img src='/grid/resources/org/openqa/grid/images/internet_explorer.png' width='16' height='16' title='{server:CONFIG_UUID=c18a604e-60d8-4064-9911-b9796424d776, seleniumProtocol=WebDriver, browserName=internet explorer, maxInstances=1, platformName=WINDOWS, platform=WINDOWS}' />
</p><p>v:<img src='/grid/resources/org/openqa/grid/images/firefox.png' width='16' height='16' title='{server:CONFIG_UUID=1c5633b4-9883-4284-ae53-b4554eaa2bd1, seleniumProtocol=WebDriver, marionette=true, browserName=firefox, maxInstances=5, platformName=WIN10, platform=WIN10}' />
<img src='/grid/resources/org/openqa/grid/images/firefox.png' width='16' height='16' title='{server:CONFIG_UUID=1c5633b4-9883-4284-ae53-b4554eaa2bd1, seleniumProtocol=WebDriver, marionette=true, browserName=firefox, maxInstances=5, platformName=WIN10, platform=WIN10}' />
<img src='/grid/resources/org/openqa/grid/images/firefox.png' width='16' height='16' title='{server:CONFIG_UUID=1c5633b4-9883-4284-ae53-b4554eaa2bd1, seleniumProtocol=WebDriver, marionette=true, browserName=firefox, maxInstances=5, platformName=WIN10, platform=WIN10}' />
<img src='/grid/resources/org/openqa/grid/images/firefox.png' width='16' height='16' title='{server:CONFIG_UUID=1c5633b4-9883-4284-ae53-b4554eaa2bd1, seleniumProtocol=WebDriver, marionette=true, browserName=firefox, maxInstances=5, platformName=WIN10, platform=WIN10}' />
<img src='/grid/resources/org/openqa/grid/images/firefox.png' width='16' height='16' title='{server:CONFIG_UUID=1c5633b4-9883-4284-ae53-b4554eaa2bd1, seleniumProtocol=WebDriver, marionette=true, browserName=firefox, maxInstances=5, platformName=WIN10, platform=WIN10}' />
</p><p>v:<img src='/grid/resources/org/openqa/grid/images/chrome.png' width='16' height='16' title='{server:CONFIG_UUID=159417d8-3bd0-4038-90a5-4e9096b54010, seleniumProtocol=WebDriver, browserName=chrome, maxInstances=5, platformName=WIN10, platform=WIN10}' />
<img src='/grid/resources/org/openqa/grid/images/chrome.png' width='16' height='16' title='{server:CONFIG_UUID=159417d8-3bd0-4038-90a5-4e9096b54010, seleniumProtocol=WebDriver, browserName=chrome, maxInstances=5, platformName=WIN10, platform=WIN10}' />
<img src='/grid/resources/org/openqa/grid/images/chrome.png' width='16' height='16' title='{server:CONFIG_UUID=159417d8-3bd0-4038-90a5-4e9096b54010, seleniumProtocol=WebDriver, browserName=chrome, maxInstances=5, platformName=WIN10, platform=WIN10}' />
<img src='/grid/resources/org/openqa/grid/images/chrome.png' width='16' height='16' title='{server:CONFIG_UUID=159417d8-3bd0-4038-90a5-4e9096b54010, seleniumProtocol=WebDriver, browserName=chrome, maxInstances=5, platformName=WIN10, platform=WIN10}' />
<img src='/grid/resources/org/openqa/grid/images/chrome.png' width='16' height='16' title='{server:CONFIG_UUID=159417d8-3bd0-4038-90a5-4e9096b54010, seleniumProtocol=WebDriver, browserName=chrome, maxInstances=5, platformName=WIN10, platform=WIN10}' />
</p></div><div type='config' class='content_detail'><p>browserTimeout: 0</p><p>debug: false</p><p>host: 192.168.1.7</p><p>port: 5555</p><p>role: node</p><p>timeout: 1800</p><p>cleanUpCycle: 5000</p><p>maxSession: 5</p><p>capabilities: Capabilities {browserName: firefox, marionette: true, maxInstances: 5, platform: WIN10, platformName: WIN10, seleniumProtocol: WebDriver, server:CONFIG_UUID: 1c5633b4-9883-4284-ae53-b45...}</p><p>capabilities: Capabilities {browserName: chrome, maxInstances: 5, platform: WIN10, platformName: WIN10, seleniumProtocol: WebDriver, server:CONFIG_UUID: 159417d8-3bd0-4038-90a5-4e9...}</p><p>capabilities: Capabilities {browserName: internet explorer, maxInstances: 1, platform: WINDOWS, platformName: WINDOWS, seleniumProtocol: WebDriver, server:CONFIG_UUID: c18a604e-60d8-4064-9911-b97...}</p><p>downPollingLimit: 2</p><p>hub: http://localhost:4444/grid/register</p><p>id: http://192.168.1.7:5555</p><p>nodePolling: 5000</p><p>nodeStatusCheckTimeout: 5000</p><p>proxy: org.openqa.grid.selenium.proxy.DefaultRemoteProxy</p><p>register: true</p><p>registerCycle: 5000</p><p>remoteHost: http://192.168.1.7:5555</p><p>unregisterIfStillDownAfter: 60000</p></div></div></div></div><div id='right-column'><div class='proxy'><p class='proxyname'>DefaultRemoteProxy (version : 3.141.59)<p class='proxyid'>id : http://192.168.1.7:5557, OS : WIN10</p><div class='tabs'><ul><li class='tab' type='browsers'><a title='test slots' href='#'>Browsers</a></li><li class='tab' type='config'><a title='node configuration' href='#'>Configuration</a></li></ul></div><div class='content'><div type='browsers' class='content_detail'><p class='protocol' >WebDriver</p><p>v:<img src='/grid/resources/org/openqa/grid/images/chrome.png' width='16' height='16' title='{server:CONFIG_UUID=c22ae129-011d-4aaf-b75f-c67b2639e85e, seleniumProtocol=WebDriver, browserName=chrome, maxInstances=25, platformName=WIN10, platform=WIN10}' />
<img src='/grid/resources/org/openqa/grid/images/chrome.png' width='16' height='16' title='{server:CONFIG_UUID=c22ae129-011d-4aaf-b75f-c67b2639e85e, seleniumProtocol=WebDriver, browserName=chrome, maxInstances=25, platformName=WIN10, platform=WIN10}' />
<img src='/grid/resources/org/openqa/grid/images/chrome.png' width='16' height='16' title='{server:CONFIG_UUID=c22ae129-011d-4aaf-b75f-c67b2639e85e, seleniumProtocol=WebDriver, browserName=chrome, maxInstances=25, platformName=WIN10, platform=WIN10}' />
<img src='/grid/resources/org/openqa/grid/images/chrome.png' width='16' height='16' title='{server:CONFIG_UUID=c22ae129-011d-4aaf-b75f-c67b2639e85e, seleniumProtocol=WebDriver, browserName=chrome, maxInstances=25, platformName=WIN10, platform=WIN10}' />
<img src='/grid/resources/org/openqa/grid/images/chrome.png' width='16' height='16' title='{server:CONFIG_UUID=c22ae129-011d-4aaf-b75f-c67b2639e85e, seleniumProtocol=WebDriver, browserName=chrome, maxInstances=25, platformName=WIN10, platform=WIN10}' />
<img src='/grid/resources/org/openqa/grid/images/chrome.png' width='16' height='16' title='{server:CONFIG_UUID=c22ae129-011d-4aaf-b75f-c67b2639e85e, seleniumProtocol=WebDriver, browserName=chrome, maxInstances=25, platformName=WIN10, platform=WIN10}' />
<img src='/grid/resources/org/openqa/grid/images/chrome.png' width='16' height='16' title='{server:CONFIG_UUID=c22ae129-011d-4aaf-b75f-c67b2639e85e, seleniumProtocol=WebDriver, browserName=chrome, maxInstances=25, platformName=WIN10, platform=WIN10}' />
<img src='/grid/resources/org/openqa/grid/images/chrome.png' width='16' height='16' title='{server:CONFIG_UUID=c22ae129-011d-4aaf-b75f-c67b2639e85e, seleniumProtocol=WebDriver, browserName=chrome, maxInstances=25, platformName=WIN10, platform=WIN10}' />
<img src='/grid/resources/org/openqa/grid/images/chrome.png' width='16' height='16' title='{server:CONFIG_UUID=c22ae129-011d-4aaf-b75f-c67b2639e85e, seleniumProtocol=WebDriver, browserName=chrome, maxInstances=25, platformName=WIN10, platform=WIN10}' />
<img src='/grid/resources/org/openqa/grid/images/chrome.png' width='16' height='16' title='{server:CONFIG_UUID=c22ae129-011d-4aaf-b75f-c67b2639e85e, seleniumProtocol=WebDriver, browserName=chrome, maxInstances=25, platformName=WIN10, platform=WIN10}' />
<img src='/grid/resources/org/openqa/grid/images/chrome.png' width='16' height='16' title='{server:CONFIG_UUID=c22ae129-011d-4aaf-b75f-c67b2639e85e, seleniumProtocol=WebDriver, browserName=chrome, maxInstances=25, platformName=WIN10, platform=WIN10}' />
<img src='/grid/resources/org/openqa/grid/images/chrome.png' width='16' height='16' title='{server:CONFIG_UUID=c22ae129-011d-4aaf-b75f-c67b2639e85e, seleniumProtocol=WebDriver, browserName=chrome, maxInstances=25, platformName=WIN10, platform=WIN10}' />
<img src='/grid/resources/org/openqa/grid/images/chrome.png' width='16' height='16' title='{server:CONFIG_UUID=c22ae129-011d-4aaf-b75f-c67b2639e85e, seleniumProtocol=WebDriver, browserName=chrome, maxInstances=25, platformName=WIN10, platform=WIN10}' />
<img src='/grid/resources/org/openqa/grid/images/chrome.png' width='16' height='16' title='{server:CONFIG_UUID=c22ae129-011d-4aaf-b75f-c67b2639e85e, seleniumProtocol=WebDriver, browserName=chrome, maxInstances=25, platformName=WIN10, platform=WIN10}' />
<img src='/grid/resources/org/openqa/grid/images/chrome.png' width='16' height='16' title='{server:CONFIG_UUID=c22ae129-011d-4aaf-b75f-c67b2639e85e, seleniumProtocol=WebDriver, browserName=chrome, maxInstances=25, platformName=WIN10, platform=WIN10}' />
<img src='/grid/resources/org/openqa/grid/images/chrome.png' width='16' height='16' title='{server:CONFIG_UUID=c22ae129-011d-4aaf-b75f-c67b2639e85e, seleniumProtocol=WebDriver, browserName=chrome, maxInstances=25, platformName=WIN10, platform=WIN10}' />
<img src='/grid/resources/org/openqa/grid/images/chrome.png' width='16' height='16' title='{server:CONFIG_UUID=c22ae129-011d-4aaf-b75f-c67b2639e85e, seleniumProtocol=WebDriver, browserName=chrome, maxInstances=25, platformName=WIN10, platform=WIN10}' />
<img src='/grid/resources/org/openqa/grid/images/chrome.png' width='16' height='16' title='{server:CONFIG_UUID=c22ae129-011d-4aaf-b75f-c67b2639e85e, seleniumProtocol=WebDriver, browserName=chrome, maxInstances=25, platformName=WIN10, platform=WIN10}' />
<img src='/grid/resources/org/openqa/grid/images/chrome.png' width='16' height='16' title='{server:CONFIG_UUID=c22ae129-011d-4aaf-b75f-c67b2639e85e, seleniumProtocol=WebDriver, browserName=chrome, maxInstances=25, platformName=WIN10, platform=WIN10}' />
<img src='/grid/resources/org/openqa/grid/images/chrome.png' width='16' height='16' title='{server:CONFIG_UUID=c22ae129-011d-4aaf-b75f-c67b2639e85e, seleniumProtocol=WebDriver, browserName=chrome, maxInstances=25, platformName=WIN10, platform=WIN10}' />
<img src='/grid/resources/org/openqa/grid/images/chrome.png' width='16' height='16' title='{server:CONFIG_UUID=c22ae129-011d-4aaf-b75f-c67b2639e85e, seleniumProtocol=WebDriver, browserName=chrome, maxInstances=25, platformName=WIN10, platform=WIN10}' />
<img src='/grid/resources/org/openqa/grid/images/chrome.png' width='16' height='16' title='{server:CONFIG_UUID=c22ae129-011d-4aaf-b75f-c67b2639e85e, seleniumProtocol=WebDriver, browserName=chrome, maxInstances=25, platformName=WIN10, platform=WIN10}' />
<img src='/grid/resources/org/openqa/grid/images/chrome.png' width='16' height='16' title='{server:CONFIG_UUID=c22ae129-011d-4aaf-b75f-c67b2639e85e, seleniumProtocol=WebDriver, browserName=chrome, maxInstances=25, platformName=WIN10, platform=WIN10}' />
<img src='/grid/resources/org/openqa/grid/images/chrome.png' width='16' height='16' title='{server:CONFIG_UUID=c22ae129-011d-4aaf-b75f-c67b2639e85e, seleniumProtocol=WebDriver, browserName=chrome, maxInstances=25, platformName=WIN10, platform=WIN10}' />
<img src='/grid/resources/org/openqa/grid/images/chrome.png' width='16' height='16' title='{server:CONFIG_UUID=c22ae129-011d-4aaf-b75f-c67b2639e85e, seleniumProtocol=WebDriver, browserName=chrome, maxInstances=25, platformName=WIN10, platform=WIN10}' />
</p></div><div type='config' class='content_detail'><p>browserTimeout: 0</p><p>debug: false</p><p>host: 192.168.1.7</p><p>port: 5557</p><p>role: node</p><p>timeout: 1800</p><p>cleanUpCycle: 5000</p><p>maxSession: 4</p><p>capabilities: Capabilities {browserName: chrome, maxInstances: 25, platform: WIN10, platformName: WIN10, seleniumProtocol: WebDriver, server:CONFIG_UUID: c22ae129-011d-4aaf-b75f-c67...}</p><p>downPollingLimit: 2</p><p>hub: http://localhost:4444/grid/register</p><p>id: http://192.168.1.7:5557</p><p>nodePolling: 5000</p><p>nodeStatusCheckTimeout: 5000</p><p>proxy: org.openqa.grid.selenium.proxy.DefaultRemoteProxy</p><p>register: true</p><p>registerCycle: 5000</p><p>remoteHost: http://192.168.1.7:5557</p><p>unregisterIfStillDownAfter: 60000</p></div></div></div></div><div class='clearfix'></div><div><ul></ul></div><div id='hub-config-container'><div id='hub-config-content'><b>Config for the hub :</b><br/><abbr title='browserTimeout'>browserTimeout : </abbr>0</br><abbr title='debug'>debug : </abbr>false</br><abbr title='host'>host : </abbr>192.168.1.7</br><abbr title='port'>port : </abbr>4444</br><abbr title='role'>role : </abbr>hub</br><abbr title='timeout'>timeout : </abbr>1800</br><abbr title='cleanUpCycle'>cleanUpCycle : </abbr>5000</br><abbr title='capabilityMatcher'>capabilityMatcher : </abbr>org.openqa.grid.internal.utils.DefaultCapabilityMatcher</br><abbr title='newSessionWaitTimeout'>newSessionWaitTimeout : </abbr>-1</br><abbr title='throwOnCapabilityNotPresent'>throwOnCapabilityNotPresent : </abbr>true</br><abbr title='registry'>registry : </abbr>org.openqa.grid.internal.DefaultGridRegistry</br><div id='verbose-config-container'><a id='verbose-config-view-toggle' href='#'>View Verbose</a><div id='verbose-config-content'><br/><b>The final configuration comes from:</b><br/><b>the default :</b><br/><abbr title='browserTimeout'>browserTimeout : </abbr>0</br><abbr title='debug'>debug : </abbr>false</br><abbr title='host'>host : </abbr>0.0.0.0</br><abbr title='port'>port : </abbr>4444</br><abbr title='role'>role : </abbr>hub</br><abbr title='timeout'>timeout : </abbr>1800</br><abbr title='cleanUpCycle'>cleanUpCycle : </abbr>5000</br><abbr title='capabilityMatcher'>capabilityMatcher : </abbr>org.openqa.grid.internal.utils.DefaultCapabilityMatcher</br><abbr title='newSessionWaitTimeout'>newSessionWaitTimeout : </abbr>-1</br><abbr title='throwOnCapabilityNotPresent'>throwOnCapabilityNotPresent : </abbr>true</br><abbr title='registry'>registry : </abbr>org.openqa.grid.internal.DefaultGridRegistry</br><b>updated with command line options:</b><br/>-port 4444 -role hub</div></div></div><a id='config-view-toggle' href='#'>View Config</a></div></div></body></html>]]>
            </message>
            <full-stacktrace>
              <![CDATA[org.openqa.selenium.WebDriverException: Unable to parse remote response: <html><head><script src='/grid/resources/org/openqa/grid/images/jquery-3.1.1.min.js'></script><script src='/grid/resources/org/openqa/grid/images/consoleservlet.js'></script><link href='/grid/resources/org/openqa/grid/images/consoleservlet.css' rel='stylesheet' type='text/css' /><link href='/grid/resources/org/openqa/grid/images/favicon.ico' rel='icon' type='image/x-icon' /><title>Grid Console</title><style>.busy { opacity : 0.4;filter: alpha(opacity=40);}</style></head><body><div id='main-content'><div id='header'><h1><a href='/grid/console'>Selenium</a></h1><h2>Grid Console v.3.141.59</h2><div><a id='helplink' target='_blank' href='https://github.com/SeleniumHQ/selenium/wiki/Grid2'>Help</a></div></div><div id='left-column'><div class='proxy'><p class='proxyname'>DefaultRemoteProxy (version : 3.141.59)<p class='proxyid'>id : http://192.168.1.7:5555, OS : mixed OS</p><div class='tabs'><ul><li class='tab' type='browsers'><a title='test slots' href='#'>Browsers</a></li><li class='tab' type='config'><a title='node configuration' href='#'>Configuration</a></li></ul></div><div class='content'><div type='browsers' class='content_detail'><p class='protocol' >WebDriver</p><p>v:<img src='/grid/resources/org/openqa/grid/images/internet_explorer.png' width='16' height='16' title='{server:CONFIG_UUID=c18a604e-60d8-4064-9911-b9796424d776, seleniumProtocol=WebDriver, browserName=internet explorer, maxInstances=1, platformName=WINDOWS, platform=WINDOWS}' />
</p><p>v:<img src='/grid/resources/org/openqa/grid/images/firefox.png' width='16' height='16' title='{server:CONFIG_UUID=1c5633b4-9883-4284-ae53-b4554eaa2bd1, seleniumProtocol=WebDriver, marionette=true, browserName=firefox, maxInstances=5, platformName=WIN10, platform=WIN10}' />
<img src='/grid/resources/org/openqa/grid/images/firefox.png' width='16' height='16' title='{server:CONFIG_UUID=1c5633b4-9883-4284-ae53-b4554eaa2bd1, seleniumProtocol=WebDriver, marionette=true, browserName=firefox, maxInstances=5, platformName=WIN10, platform=WIN10}' />
<img src='/grid/resources/org/openqa/grid/images/firefox.png' width='16' height='16' title='{server:CONFIG_UUID=1c5633b4-9883-4284-ae53-b4554eaa2bd1, seleniumProtocol=WebDriver, marionette=true, browserName=firefox, maxInstances=5, platformName=WIN10, platform=WIN10}' />
<img src='/grid/resources/org/openqa/grid/images/firefox.png' width='16' height='16' title='{server:CONFIG_UUID=1c5633b4-9883-4284-ae53-b4554eaa2bd1, seleniumProtocol=WebDriver, marionette=true, browserName=firefox, maxInstances=5, platformName=WIN10, platform=WIN10}' />
<img src='/grid/resources/org/openqa/grid/images/firefox.png' width='16' height='16' title='{server:CONFIG_UUID=1c5633b4-9883-4284-ae53-b4554eaa2bd1, seleniumProtocol=WebDriver, marionette=true, browserName=firefox, maxInstances=5, platformName=WIN10, platform=WIN10}' />
</p><p>v:<img src='/grid/resources/org/openqa/grid/images/chrome.png' width='16' height='16' title='{server:CONFIG_UUID=159417d8-3bd0-4038-90a5-4e9096b54010, seleniumProtocol=WebDriver, browserName=chrome, maxInstances=5, platformName=WIN10, platform=WIN10}' />
<img src='/grid/resources/org/openqa/grid/images/chrome.png' width='16' height='16' title='{server:CONFIG_UUID=159417d8-3bd0-4038-90a5-4e9096b54010, seleniumProtocol=WebDriver, browserName=chrome, maxInstances=5, platformName=WIN10, platform=WIN10}' />
<img src='/grid/resources/org/openqa/grid/images/chrome.png' width='16' height='16' title='{server:CONFIG_UUID=159417d8-3bd0-4038-90a5-4e9096b54010, seleniumProtocol=WebDriver, browserName=chrome, maxInstances=5, platformName=WIN10, platform=WIN10}' />
<img src='/grid/resources/org/openqa/grid/images/chrome.png' width='16' height='16' title='{server:CONFIG_UUID=159417d8-3bd0-4038-90a5-4e9096b54010, seleniumProtocol=WebDriver, browserName=chrome, maxInstances=5, platformName=WIN10, platform=WIN10}' />
<img src='/grid/resources/org/openqa/grid/images/chrome.png' width='16' height='16' title='{server:CONFIG_UUID=159417d8-3bd0-4038-90a5-4e9096b54010, seleniumProtocol=WebDriver, browserName=chrome, maxInstances=5, platformName=WIN10, platform=WIN10}' />
</p></div><div type='config' class='content_detail'><p>browserTimeout: 0</p><p>debug: false</p><p>host: 192.168.1.7</p><p>port: 5555</p><p>role: node</p><p>timeout: 1800</p><p>cleanUpCycle: 5000</p><p>maxSession: 5</p><p>capabilities: Capabilities {browserName: firefox, marionette: true, maxInstances: 5, platform: WIN10, platformName: WIN10, seleniumProtocol: WebDriver, server:CONFIG_UUID: 1c5633b4-9883-4284-ae53-b45...}</p><p>capabilities: Capabilities {browserName: chrome, maxInstances: 5, platform: WIN10, platformName: WIN10, seleniumProtocol: WebDriver, server:CONFIG_UUID: 159417d8-3bd0-4038-90a5-4e9...}</p><p>capabilities: Capabilities {browserName: internet explorer, maxInstances: 1, platform: WINDOWS, platformName: WINDOWS, seleniumProtocol: WebDriver, server:CONFIG_UUID: c18a604e-60d8-4064-9911-b97...}</p><p>downPollingLimit: 2</p><p>hub: http://localhost:4444/grid/register</p><p>id: http://192.168.1.7:5555</p><p>nodePolling: 5000</p><p>nodeStatusCheckTimeout: 5000</p><p>proxy: org.openqa.grid.selenium.proxy.DefaultRemoteProxy</p><p>register: true</p><p>registerCycle: 5000</p><p>remoteHost: http://192.168.1.7:5555</p><p>unregisterIfStillDownAfter: 60000</p></div></div></div></div><div id='right-column'><div class='proxy'><p class='proxyname'>DefaultRemoteProxy (version : 3.141.59)<p class='proxyid'>id : http://192.168.1.7:5557, OS : WIN10</p><div class='tabs'><ul><li class='tab' type='browsers'><a title='test slots' href='#'>Browsers</a></li><li class='tab' type='config'><a title='node configuration' href='#'>Configuration</a></li></ul></div><div class='content'><div type='browsers' class='content_detail'><p class='protocol' >WebDriver</p><p>v:<img src='/grid/resources/org/openqa/grid/images/chrome.png' width='16' height='16' title='{server:CONFIG_UUID=c22ae129-011d-4aaf-b75f-c67b2639e85e, seleniumProtocol=WebDriver, browserName=chrome, maxInstances=25, platformName=WIN10, platform=WIN10}' />
<img src='/grid/resources/org/openqa/grid/images/chrome.png' width='16' height='16' title='{server:CONFIG_UUID=c22ae129-011d-4aaf-b75f-c67b2639e85e, seleniumProtocol=WebDriver, browserName=chrome, maxInstances=25, platformName=WIN10, platform=WIN10}' />
<img src='/grid/resources/org/openqa/grid/images/chrome.png' width='16' height='16' title='{server:CONFIG_UUID=c22ae129-011d-4aaf-b75f-c67b2639e85e, seleniumProtocol=WebDriver, browserName=chrome, maxInstances=25, platformName=WIN10, platform=WIN10}' />
<img src='/grid/resources/org/openqa/grid/images/chrome.png' width='16' height='16' title='{server:CONFIG_UUID=c22ae129-011d-4aaf-b75f-c67b2639e85e, seleniumProtocol=WebDriver, browserName=chrome, maxInstances=25, platformName=WIN10, platform=WIN10}' />
<img src='/grid/resources/org/openqa/grid/images/chrome.png' width='16' height='16' title='{server:CONFIG_UUID=c22ae129-011d-4aaf-b75f-c67b2639e85e, seleniumProtocol=WebDriver, browserName=chrome, maxInstances=25, platformName=WIN10, platform=WIN10}' />
<img src='/grid/resources/org/openqa/grid/images/chrome.png' width='16' height='16' title='{server:CONFIG_UUID=c22ae129-011d-4aaf-b75f-c67b2639e85e, seleniumProtocol=WebDriver, browserName=chrome, maxInstances=25, platformName=WIN10, platform=WIN10}' />
<img src='/grid/resources/org/openqa/grid/images/chrome.png' width='16' height='16' title='{server:CONFIG_UUID=c22ae129-011d-4aaf-b75f-c67b2639e85e, seleniumProtocol=WebDriver, browserName=chrome, maxInstances=25, platformName=WIN10, platform=WIN10}' />
<img src='/grid/resources/org/openqa/grid/images/chrome.png' width='16' height='16' title='{server:CONFIG_UUID=c22ae129-011d-4aaf-b75f-c67b2639e85e, seleniumProtocol=WebDriver, browserName=chrome, maxInstances=25, platformName=WIN10, platform=WIN10}' />
<img src='/grid/resources/org/openqa/grid/images/chrome.png' width='16' height='16' title='{server:CONFIG_UUID=c22ae129-011d-4aaf-b75f-c67b2639e85e, seleniumProtocol=WebDriver, browserName=chrome, maxInstances=25, platformName=WIN10, platform=WIN10}' />
<img src='/grid/resources/org/openqa/grid/images/chrome.png' width='16' height='16' title='{server:CONFIG_UUID=c22ae129-011d-4aaf-b75f-c67b2639e85e, seleniumProtocol=WebDriver, browserName=chrome, maxInstances=25, platformName=WIN10, platform=WIN10}' />
<img src='/grid/resources/org/openqa/grid/images/chrome.png' width='16' height='16' title='{server:CONFIG_UUID=c22ae129-011d-4aaf-b75f-c67b2639e85e, seleniumProtocol=WebDriver, browserName=chrome, maxInstances=25, platformName=WIN10, platform=WIN10}' />
<img src='/grid/resources/org/openqa/grid/images/chrome.png' width='16' height='16' title='{server:CONFIG_UUID=c22ae129-011d-4aaf-b75f-c67b2639e85e, seleniumProtocol=WebDriver, browserName=chrome, maxInstances=25, platformName=WIN10, platform=WIN10}' />
<img src='/grid/resources/org/openqa/grid/images/chrome.png' width='16' height='16' title='{server:CONFIG_UUID=c22ae129-011d-4aaf-b75f-c67b2639e85e, seleniumProtocol=WebDriver, browserName=chrome, maxInstances=25, platformName=WIN10, platform=WIN10}' />
<img src='/grid/resources/org/openqa/grid/images/chrome.png' width='16' height='16' title='{server:CONFIG_UUID=c22ae129-011d-4aaf-b75f-c67b2639e85e, seleniumProtocol=WebDriver, browserName=chrome, maxInstances=25, platformName=WIN10, platform=WIN10}' />
<img src='/grid/resources/org/openqa/grid/images/chrome.png' width='16' height='16' title='{server:CONFIG_UUID=c22ae129-011d-4aaf-b75f-c67b2639e85e, seleniumProtocol=WebDriver, browserName=chrome, maxInstances=25, platformName=WIN10, platform=WIN10}' />
<img src='/grid/resources/org/openqa/grid/images/chrome.png' width='16' height='16' title='{server:CONFIG_UUID=c22ae129-011d-4aaf-b75f-c67b2639e85e, seleniumProtocol=WebDriver, browserName=chrome, maxInstances=25, platformName=WIN10, platform=WIN10}' />
<img src='/grid/resources/org/openqa/grid/images/chrome.png' width='16' height='16' title='{server:CONFIG_UUID=c22ae129-011d-4aaf-b75f-c67b2639e85e, seleniumProtocol=WebDriver, browserName=chrome, maxInstances=25, platformName=WIN10, platform=WIN10}' />
<img src='/grid/resources/org/openqa/grid/images/chrome.png' width='16' height='16' title='{server:CONFIG_UUID=c22ae129-011d-4aaf-b75f-c67b2639e85e, seleniumProtocol=WebDriver, browserName=chrome, maxInstances=25, platformName=WIN10, platform=WIN10}' />
<img src='/grid/resources/org/openqa/grid/images/chrome.png' width='16' height='16' title='{server:CONFIG_UUID=c22ae129-011d-4aaf-b75f-c67b2639e85e, seleniumProtocol=WebDriver, browserName=chrome, maxInstances=25, platformName=WIN10, platform=WIN10}' />
<img src='/grid/resources/org/openqa/grid/images/chrome.png' width='16' height='16' title='{server:CONFIG_UUID=c22ae129-011d-4aaf-b75f-c67b2639e85e, seleniumProtocol=WebDriver, browserName=chrome, maxInstances=25, platformName=WIN10, platform=WIN10}' />
<img src='/grid/resources/org/openqa/grid/images/chrome.png' width='16' height='16' title='{server:CONFIG_UUID=c22ae129-011d-4aaf-b75f-c67b2639e85e, seleniumProtocol=WebDriver, browserName=chrome, maxInstances=25, platformName=WIN10, platform=WIN10}' />
<img src='/grid/resources/org/openqa/grid/images/chrome.png' width='16' height='16' title='{server:CONFIG_UUID=c22ae129-011d-4aaf-b75f-c67b2639e85e, seleniumProtocol=WebDriver, browserName=chrome, maxInstances=25, platformName=WIN10, platform=WIN10}' />
<img src='/grid/resources/org/openqa/grid/images/chrome.png' width='16' height='16' title='{server:CONFIG_UUID=c22ae129-011d-4aaf-b75f-c67b2639e85e, seleniumProtocol=WebDriver, browserName=chrome, maxInstances=25, platformName=WIN10, platform=WIN10}' />
<img src='/grid/resources/org/openqa/grid/images/chrome.png' width='16' height='16' title='{server:CONFIG_UUID=c22ae129-011d-4aaf-b75f-c67b2639e85e, seleniumProtocol=WebDriver, browserName=chrome, maxInstances=25, platformName=WIN10, platform=WIN10}' />
<img src='/grid/resources/org/openqa/grid/images/chrome.png' width='16' height='16' title='{server:CONFIG_UUID=c22ae129-011d-4aaf-b75f-c67b2639e85e, seleniumProtocol=WebDriver, browserName=chrome, maxInstances=25, platformName=WIN10, platform=WIN10}' />
</p></div><div type='config' class='content_detail'><p>browserTimeout: 0</p><p>debug: false</p><p>host: 192.168.1.7</p><p>port: 5557</p><p>role: node</p><p>timeout: 1800</p><p>cleanUpCycle: 5000</p><p>maxSession: 4</p><p>capabilities: Capabilities {browserName: chrome, maxInstances: 25, platform: WIN10, platformName: WIN10, seleniumProtocol: WebDriver, server:CONFIG_UUID: c22ae129-011d-4aaf-b75f-c67...}</p><p>downPollingLimit: 2</p><p>hub: http://localhost:4444/grid/register</p><p>id: http://192.168.1.7:5557</p><p>nodePolling: 5000</p><p>nodeStatusCheckTimeout: 5000</p><p>proxy: org.openqa.grid.selenium.proxy.DefaultRemoteProxy</p><p>register: true</p><p>registerCycle: 5000</p><p>remoteHost: http://192.168.1.7:5557</p><p>unregisterIfStillDownAfter: 60000</p></div></div></div></div><div class='clearfix'></div><div><ul></ul></div><div id='hub-config-container'><div id='hub-config-content'><b>Config for the hub :</b><br/><abbr title='browserTimeout'>browserTimeout : </abbr>0</br><abbr title='debug'>debug : </abbr>false</br><abbr title='host'>host : </abbr>192.168.1.7</br><abbr title='port'>port : </abbr>4444</br><abbr title='role'>role : </abbr>hub</br><abbr title='timeout'>timeout : </abbr>1800</br><abbr title='cleanUpCycle'>cleanUpCycle : </abbr>5000</br><abbr title='capabilityMatcher'>capabilityMatcher : </abbr>org.openqa.grid.internal.utils.DefaultCapabilityMatcher</br><abbr title='newSessionWaitTimeout'>newSessionWaitTimeout : </abbr>-1</br><abbr title='throwOnCapabilityNotPresent'>throwOnCapabilityNotPresent : </abbr>true</br><abbr title='registry'>registry : </abbr>org.openqa.grid.internal.DefaultGridRegistry</br><div id='verbose-config-container'><a id='verbose-config-view-toggle' href='#'>View Verbose</a><div id='verbose-config-content'><br/><b>The final configuration comes from:</b><br/><b>the default :</b><br/><abbr title='browserTimeout'>browserTimeout : </abbr>0</br><abbr title='debug'>debug : </abbr>false</br><abbr title='host'>host : </abbr>0.0.0.0</br><abbr title='port'>port : </abbr>4444</br><abbr title='role'>role : </abbr>hub</br><abbr title='timeout'>timeout : </abbr>1800</br><abbr title='cleanUpCycle'>cleanUpCycle : </abbr>5000</br><abbr title='capabilityMatcher'>capabilityMatcher : </abbr>org.openqa.grid.internal.utils.DefaultCapabilityMatcher</br><abbr title='newSessionWaitTimeout'>newSessionWaitTimeout : </abbr>-1</br><abbr title='throwOnCapabilityNotPresent'>throwOnCapabilityNotPresent : </abbr>true</br><abbr title='registry'>registry : </abbr>org.openqa.grid.internal.DefaultGridRegistry</br><b>updated with command line options:</b><br/>-port 4444 -role hub</div></div></div><a id='config-view-toggle' href='#'>View Config</a></div></div></body></html>
at org.openqa.selenium.remote.ProtocolHandshake.createSession(ProtocolHandshake.java:115)
at org.openqa.selenium.remote.ProtocolHandshake.createSession(ProtocolHandshake.java:74)
at org.openqa.selenium.remote.HttpCommandExecutor.execute(HttpCommandExecutor.java:136)
at org.openqa.selenium.remote.RemoteWebDriver.execute(RemoteWebDriver.java:552)
at org.openqa.selenium.remote.RemoteWebDriver.startSession(RemoteWebDriver.java:213)
at org.openqa.selenium.remote.RemoteWebDriver.<init>(RemoteWebDriver.java:131)
at org.openqa.selenium.remote.RemoteWebDriver.<init>(RemoteWebDriver.java:144)
at grid.TestParametersXML.launchBrowser(TestParametersXML.java:45)
at sun.reflect.NativeMethodAccessorImpl.invoke0(Native Method)
at sun.reflect.NativeMethodAccessorImpl.invoke(Unknown Source)
at sun.reflect.DelegatingMethodAccessorImpl.invoke(Unknown Source)
at java.lang.reflect.Method.invoke(Unknown Source)
at org.testng.internal.MethodInvocationHelper.invokeMethod(MethodInvocationHelper.java:124)
at org.testng.internal.Invoker.invokeMethod(Invoker.java:583)
at org.testng.internal.Invoker.invokeTestMethod(Invoker.java:719)
at org.testng.internal.Invoker.invokeTestMethods(Invoker.java:989)
at org.testng.internal.TestMethodWorker.invokeTestMethods(TestMethodWorker.java:125)
at org.testng.internal.TestMethodWorker.run(TestMethodWorker.java:109)
at org.testng.TestRunner.privateRun(TestRunner.java:648)
at org.testng.TestRunner.run(TestRunner.java:505)
at org.testng.SuiteRunner.runTest(SuiteRunner.java:455)
at org.testng.SuiteRunner.runSequentially(SuiteRunner.java:450)
at org.testng.SuiteRunner.privateRun(SuiteRunner.java:415)
at org.testng.SuiteRunner.run(SuiteRunner.java:364)
at org.testng.SuiteRunnerWorker.runSuite(SuiteRunnerWorker.java:52)
at org.testng.SuiteRunnerWorker.run(SuiteRunnerWorker.java:84)
at org.testng.TestNG.runSuitesSequentially(TestNG.java:1208)
at org.testng.TestNG.runSuitesLocally(TestNG.java:1137)
at org.testng.TestNG.runSuites(TestNG.java:1049)
at org.testng.TestNG.run(TestNG.java:1017)
at org.testng.remote.AbstractRemoteTestNG.run(AbstractRemoteTestNG.java:115)
at org.testng.remote.RemoteTestNG.initAndRun(RemoteTestNG.java:251)
at org.testng.remote.RemoteTestNG.main(RemoteTestNG.java:77)
Caused by: org.openqa.selenium.json.JsonException: Unable to determine type from: <. Last 1 characters read: <
Build info: version: '3.141.59', revision: 'e82be7d358', time: '2018-11-14T08:17:03'
System info: host: 'DESKTOP-34AAFOG', ip: '192.168.1.7', os.name: 'Windows 10', os.arch: 'amd64', os.version: '10.0', java.version: '1.8.0_291'
Driver info: driver.version: RemoteWebDriver
at org.openqa.selenium.json.JsonInput.peek(JsonInput.java:122)
at org.openqa.selenium.json.JsonTypeCoercer.lambda$null$6(JsonTypeCoercer.java:140)
at org.openqa.selenium.json.JsonTypeCoercer.coerce(JsonTypeCoercer.java:126)
at org.openqa.selenium.json.Json.toType(Json.java:69)
at org.openqa.selenium.json.Json.toType(Json.java:55)
at org.openqa.selenium.json.Json.toType(Json.java:50)
at org.openqa.selenium.remote.ProtocolHandshake.createSession(ProtocolHandshake.java:112)
... 32 more
]]>
            </full-stacktrace>
          </exception> <!-- org.openqa.selenium.WebDriverException -->
          <reporter-output>
          </reporter-output>
        </test-method> <!-- launchBrowser -->
      </class> <!-- grid.TestParametersXML -->
    </test> <!-- IE Test -->
  </suite> <!-- Parallel Test Suite -->
</testng-results>
