<?xml version="1.0" encoding="UTF-8"?>
<!-- Generated by org.testng.reporters.JUnitXMLReporter -->
<testsuite hostname="DESKTOP-34AAFOG" ignored="3" tests="0" failures="0" timestamp="19 May 2021 14:31:58 GMT" time="0.001" errors="0">
  <testcase name="b" time="0.0" classname="practicetestcases2.TestNG6P2">
    <ignored/>
  </testcase> <!-- b -->
  <testcase name="a" time="0.0" classname="practicetestcases2.TestNG6P2">
    <ignored/>
  </testcase> <!-- a -->
  <testcase name="c" time="0.0" classname="practicetestcases2.TestNG6P2">
    <ignored/>
  </testcase> <!-- c -->
</testsuite>
